{"meta": {"format": 3, "version": "7.14.3", "timestamp": "2026-06-27T05:15:52.280897", "branch_coverage": false, "show_contexts": false}, "files": {"agents\\__init__.py": {"executed_lines": [], "summary": {"covered_lines": 0, "num_statements": 0, "percent_covered": 100.0, "percent_covered_display": "100", "missing_lines": 0, "excluded_lines": 0, "percent_statements_covered": 100.0, "percent_statements_covered_display": "100"}, "missing_lines": [], "excluded_lines": [], "functions": {"": {"executed_lines": [], "summary": {"covered_lines": 0, "num_statements": 0, "percent_covered": 100.0, "percent_covered_display": "100", "missing_lines": 0, "excluded_lines": 0, "percent_statements_covered": 100.0, "percent_statements_covered_display": "100"}, "missing_lines": [], "excluded_lines": [], "start_line": 1}}, "classes": {"": {"executed_lines": [], "summary": {"covered_lines": 0, "num_statements": 0, "percent_covered": 100.0, "percent_covered_display": "100", "missing_lines": 0, "excluded_lines": 0, "percent_statements_covered": 100.0, "percent_statements_covered_display": "100"}, "missing_lines": [], "excluded_lines": [], "start_line": 1}}}, "agents\\ancestor.py": {"executed_lines": [10, 11, 12, 13, 14, 16, 17, 20, 32, 39, 48, 49, 51, 54, 65, 66, 68, 70, 72, 73, 75, 78, 85, 88, 97, 99, 100, 101], "summary": {"covered_lines": 28, "num_statements": 31, "percent_covered": 90.3225806451613, "percent_covered_display": "90", "missing_lines": 3, "excluded_lines": 0, "percent_statements_covered": 90.3225806451613, "percent_statements_covered_display": "90"}, "missing_lines": [103, 104, 105], "excluded_lines": [], "functions": {"create_ancestor": {"executed_lines": [32, 39, 48, 49, 51], "summary": {"covered_lines": 5, "num_statements": 5, "percent_covered": 100.0, "percent_covered_display": "100", "missing_lines": 0, "excluded_lines": 0, "percent_statements_covered": 100.0, "percent_statements_covered_display": "100"}, "missing_lines": [], "excluded_lines": [], "start_line": 20}, "_subscribe_ancestor_to_events": {"executed_lines": [65, 66, 68, 70, 99, 100, 101], "summary": {"covered_lines": 7, "num_statements": 10, "percent_covered": 70.0, "percent_covered_display": "70", "missing_lines": 3, "excluded_lines": 0, "percent_statements_covered": 70.0, "percent_statements_covered_display": "70"}, "missing_lines": [103, 104, 105], "excluded_lines": [], "start_line": 54}, "_subscribe_ancestor_to_events.on_task_created": {"executed_lines": [72, 73, 75, 78, 85, 88, 97], "summary": {"covered_lines": 7, "num_statements": 7, "percent_covered": 100.0, "percent_covered_display": "100", "missing_lines": 0, "excluded_lines": 0, "percent_statements_covered": 100.0, "percent_statements_covered_display": "100"}, "missing_lines": [], "excluded_lines": [], "start_line": 70}, "": {"executed_lines": [10, 11, 12, 13, 14, 16, 17, 20, 54], "summary": {"covered_lines": 9, "num_statements": 9, "percent_covered": 100.0, "percent_covered_display": "100", "missing_lines": 0, "excluded_lines": 0, "percent_statements_covered": 100.0, "percent_statements_covered_display": "100"}, "missing_lines": [], "excluded_lines": [], "start_line": 1}}, "classes": {"": {"executed_lines": [10, 11, 12, 13, 14, 16, 17, 20, 32, 39, 48, 49, 51, 54, 65, 66, 68, 70, 72, 73, 75, 78, 85, 88, 97, 99, 100, 101], "summary": {"covered_lines": 28, "num_statements": 31, "percent_covered": 90.3225806451613, "percent_covered_display": "90", "missing_lines": 3, "excluded_lines": 0, "percent_statements_covered": 90.3225806451613, "percent_statements_covered_display": "90"}, "missing_lines": [103, 104, 105], "excluded_lines": [], "start_line": 1}}}, "agents\\elder.py": {"executed_lines": [10, 11, 12, 13, 15, 18, 30, 31, 33, 34, 35, 37, 45, 48, 49, 50, 51, 52, 53, 55, 58, 59, 60, 61, 62, 64, 65, 66, 67, 68, 70, 71, 72, 74, 75, 76, 77, 79, 81, 82, 85, 91, 92, 93, 94, 95, 96, 98, 101, 102, 103, 104, 107, 108, 110, 112, 113, 115, 118, 119, 121, 122, 123, 126, 128, 131, 140, 147, 154, 155, 156, 162, 163, 164, 169, 172, 178, 179, 180, 181, 182, 183, 184, 185, 186, 187, 188], "summary": {"covered_lines": 87, "num_statements": 94, "percent_covered": 92.55319148936171, "percent_covered_display": "93", "missing_lines": 7, "excluded_lines": 0, "percent_statements_covered": 92.55319148936171, "percent_statements_covered_display": "93"}, "missing_lines": [86, 87, 88, 116, 165, 166, 167], "excluded_lines": [], "functions": {"audit_family": {"executed_lines": [30, 31, 33, 34, 35, 37, 45, 48, 49, 50, 51, 52, 53, 55, 58, 59, 60, 61, 62, 64, 65, 66, 67, 68, 70, 71, 72, 74, 75, 76, 77, 79, 81, 82, 85, 91, 92, 93, 94, 95, 96, 98, 101, 102, 103, 104, 107, 108, 110, 112, 113, 115, 118, 119, 121, 122, 123], "summary": {"covered_lines": 57, "num_statements": 61, "percent_covered": 93.44262295081967, "percent_covered_display": "93", "missing_lines": 4, "excluded_lines": 0, "percent_statements_covered": 93.44262295081967, "percent_statements_covered_display": "93"}, "missing_lines": [86, 87, 88, 116], "excluded_lines": [], "start_line": 18}, "create_elder": {"executed_lines": [128, 131], "summary": {"covered_lines": 2, "num_statements": 2, "percent_covered": 100.0, "percent_covered_display": "100", "missing_lines": 0, "excluded_lines": 0, "percent_statements_covered": 100.0, "percent_statements_covered_display": "100"}, "missing_lines": [], "excluded_lines": [], "start_line": 126}, "_make_elder_event_handler": {"executed_lines": [154, 169], "summary": {"covered_lines": 2, "num_statements": 2, "percent_covered": 100.0, "percent_covered_display": "100", "missing_lines": 0, "excluded_lines": 0, "percent_statements_covered": 100.0, "percent_statements_covered_display": "100"}, "missing_lines": [], "excluded_lines": [], "start_line": 147}, "_make_elder_event_handler._on_task_completed": {"executed_lines": [155, 156, 162, 163, 164], "summary": {"covered_lines": 5, "num_statements": 8, "percent_covered": 62.5, "percent_covered_display": "62", "missing_lines": 3, "excluded_lines": 0, "percent_statements_covered": 62.5, "percent_statements_covered_display": "62"}, "missing_lines": [165, 166, 167], "excluded_lines": [], "start_line": 154}, "subscribe_elder_to_events": {"executed_lines": [178, 179, 180, 181, 182, 183, 184, 185, 186, 187, 188], "summary": {"covered_lines": 11, "num_statements": 11, "percent_covered": 100.0, "percent_covered_display": "100", "missing_lines": 0, "excluded_lines": 0, "percent_statements_covered": 100.0, "percent_statements_covered_display": "100"}, "missing_lines": [], "excluded_lines": [], "start_line": 172}, "": {"executed_lines": [10, 11, 12, 13, 15, 18, 126, 140, 147, 172], "summary": {"covered_lines": 10, "num_statements": 10, "percent_covered": 100.0, "percent_covered_display": "100", "missing_lines": 0, "excluded_lines": 0, "percent_statements_covered": 100.0, "percent_statements_covered_display": "100"}, "missing_lines": [], "excluded_lines": [], "start_line": 1}}, "classes": {"": {"executed_lines": [10, 11, 12, 13, 15, 18, 30, 31, 33, 34, 35, 37, 45, 48, 49, 50, 51, 52, 53, 55, 58, 59, 60, 61, 62, 64, 65, 66, 67, 68, 70, 71, 72, 74, 75, 76, 77, 79, 81, 82, 85, 91, 92, 93, 94, 95, 96, 98, 101, 102, 103, 104, 107, 108, 110, 112, 113, 115, 118, 119, 121, 122, 123, 126, 128, 131, 140, 147, 154, 155, 156, 162, 163, 164, 169, 172, 178, 179, 180, 181, 182, 183, 184, 185, 186, 187, 188], "summary": {"covered_lines": 87, "num_statements": 94, "percent_covered": 92.55319148936171, "percent_covered_display": "93", "missing_lines": 7, "excluded_lines": 0, "percent_statements_covered": 92.55319148936171, "percent_statements_covered_display": "93"}, "missing_lines": [86, 87, 88, 116, 165, 166, 167], "excluded_lines": [], "start_line": 1}}}, "agents\\parent.py": {"executed_lines": [10, 11, 12, 16, 17, 18, 19, 20, 21, 26, 27, 30, 47, 69, 77, 78, 80, 83, 92, 93, 95, 97, 99, 100, 102, 105, 106, 107, 108, 109, 110, 111, 116, 119, 129, 134, 135, 138, 139, 142, 152, 157, 158, 160, 161, 162], "summary": {"covered_lines": 46, "num_statements": 49, "percent_covered": 93.87755102040816, "percent_covered_display": "94", "missing_lines": 3, "excluded_lines": 0, "percent_statements_covered": 93.87755102040816, "percent_statements_covered_display": "94"}, "missing_lines": [164, 165, 166], "excluded_lines": [], "functions": {"create_parent": {"executed_lines": [47, 69, 77, 78, 80], "summary": {"covered_lines": 5, "num_statements": 5, "percent_covered": 100.0, "percent_covered_display": "100", "missing_lines": 0, "excluded_lines": 0, "percent_statements_covered": 100.0, "percent_statements_covered_display": "100"}, "missing_lines": [], "excluded_lines": [], "start_line": 30}, "_subscribe_parent_to_events": {"executed_lines": [92, 93, 95, 97, 160, 161, 162], "summary": {"covered_lines": 7, "num_statements": 10, "percent_covered": 70.0, "percent_covered_display": "70", "missing_lines": 3, "excluded_lines": 0, "percent_statements_covered": 70.0, "percent_statements_covered_display": "70"}, "missing_lines": [164, 165, 166], "excluded_lines": [], "start_line": 83}, "_subscribe_parent_to_events.on_task_decomposed": {"executed_lines": [99, 100, 102, 105, 106, 107, 108, 109, 110, 111, 116, 119, 129, 134, 135, 138, 139, 142, 152, 157, 158], "summary": {"covered_lines": 21, "num_statements": 21, "percent_covered": 100.0, "percent_covered_display": "100", "missing_lines": 0, "excluded_lines": 0, "percent_statements_covered": 100.0, "percent_statements_covered_display": "100"}, "missing_lines": [], "excluded_lines": [], "start_line": 97}, "": {"executed_lines": [10, 11, 12, 16, 17, 18, 19, 20, 21, 26, 27, 30, 83], "summary": {"covered_lines": 13, "num_statements": 13, "percent_covered": 100.0, "percent_covered_display": "100", "missing_lines": 0, "excluded_lines": 0, "percent_statements_covered": 100.0, "percent_statements_covered_display": "100"}, "missing_lines": [], "excluded_lines": [], "start_line": 1}}, "classes": {"": {"executed_lines": [10, 11, 12, 16, 17, 18, 19, 20, 21, 26, 27, 30, 47, 69, 77, 78, 80, 83, 92, 93, 95, 97, 99, 100, 102, 105, 106, 107, 108, 109, 110, 111, 116, 119, 129, 134, 135, 138, 139, 142, 152, 157, 158, 160, 161, 162], "summary": {"covered_lines": 46, "num_statements": 49, "percent_covered": 93.87755102040816, "percent_covered_display": "94", "missing_lines": 3, "excluded_lines": 0, "percent_statements_covered": 93.87755102040816, "percent_statements_covered_display": "94"}, "missing_lines": [164, 165, 166], "excluded_lines": [], "start_line": 1}}}, "core\\__init__.py": {"executed_lines": [], "summary": {"covered_lines": 0, "num_statements": 0, "percent_covered": 100.0, "percent_covered_display": "100", "missing_lines": 0, "excluded_lines": 0, "percent_statements_covered": 100.0, "percent_statements_covered_display": "100"}, "missing_lines": [], "excluded_lines": [], "functions": {"": {"executed_lines": [], "summary": {"covered_lines": 0, "num_statements": 0, "percent_covered": 100.0, "percent_covered_display": "100", "missing_lines": 0, "excluded_lines": 0, "percent_statements_covered": 100.0, "percent_statements_covered_display": "100"}, "missing_lines": [], "excluded_lines": [], "start_line": 1}}, "classes": {"": {"executed_lines": [], "summary": {"covered_lines": 0, "num_statements": 0, "percent_covered": 100.0, "percent_covered_display": "100", "missing_lines": 0, "excluded_lines": 0, "percent_statements_covered": 100.0, "percent_statements_covered_display": "100"}, "missing_lines": [], "excluded_lines": [], "start_line": 1}}}, "core\\agent.py": {"executed_lines": [15, 16, 17, 18, 19, 20, 21, 22, 24, 27, 36, 59, 60, 61, 62, 63, 64, 65, 66, 67, 68, 71, 72, 73, 74, 77, 78, 79, 84, 87, 88, 93, 112, 113, 114, 115, 116, 119, 120, 122, 123, 124, 125, 126, 127, 128, 130, 131, 134, 135, 142, 149, 154, 157, 158, 160, 166, 176, 178, 180, 181, 184, 187, 188, 195, 197, 206, 207, 208, 209, 214, 219, 227, 231, 233, 242, 243, 244, 247, 248, 249, 258, 259, 265, 268, 269, 274, 275, 277, 282, 284, 286, 300, 301, 303, 304, 305, 306, 307, 311, 312, 314, 315, 316, 321, 328, 330, 331, 332, 333, 336, 338, 339, 340, 341, 343, 346, 347, 350, 353, 354, 355, 361, 366, 374, 376, 388, 389, 393, 394, 397, 398, 399, 400, 401, 404, 406, 430, 448, 451, 452, 457, 458, 460, 461, 463, 471, 472, 474, 481, 483, 485, 486, 488, 498, 510, 520, 521, 522], "summary": {"covered_lines": 159, "num_statements": 178, "percent_covered": 89.32584269662921, "percent_covered_display": "89", "missing_lines": 19, "excluded_lines": 0, "percent_statements_covered": 89.32584269662921, "percent_statements_covered_display": "89"}, "missing_lines": [150, 215, 217, 313, 318, 362, 363, 390, 402, 417, 418, 420, 421, 423, 424, 426, 428, 496, 508], "excluded_lines": [], "functions": {"Agent.__init__": {"executed_lines": [59, 60, 61, 62, 63, 64, 65, 66, 67, 68, 71, 72, 73, 74, 77, 78, 79, 84, 87, 88], "summary": {"covered_lines": 20, "num_statements": 20, "percent_covered": 100.0, "percent_covered_display": "100", "missing_lines": 0, "excluded_lines": 0, "percent_statements_covered": 100.0, "percent_statements_covered_display": "100"}, "missing_lines": [], "excluded_lines": [], "start_line": 36}, "Agent.run": {"executed_lines": [112, 113, 114, 115, 116, 119, 120, 122, 123, 124, 125, 126, 127, 128, 130, 131, 134, 135, 142, 149, 154, 157, 158, 160], "summary": {"covered_lines": 24, "num_statements": 25, "percent_covered": 96.0, "percent_covered_display": "96", "missing_lines": 1, "excluded_lines": 0, "percent_statements_covered": 96.0, "percent_statements_covered_display": "96"}, "missing_lines": [150], "excluded_lines": [], "start_line": 93}, "Agent.destroy": {"executed_lines": [176, 178, 180, 181, 184, 187, 188, 195], "summary": {"covered_lines": 8, "num_statements": 8, "percent_covered": 100.0, "percent_covered_display": "100", "missing_lines": 0, "excluded_lines": 0, "percent_statements_covered": 100.0, "percent_statements_covered_display": "100"}, "missing_lines": [], "excluded_lines": [], "start_line": 166}, "Agent._publish_event": {"executed_lines": [206, 207, 208, 209, 214], "summary": {"covered_lines": 5, "num_statements": 7, "percent_covered": 71.42857142857143, "percent_covered_display": "71", "missing_lines": 2, "excluded_lines": 0, "percent_statements_covered": 71.42857142857143, "percent_statements_covered_display": "71"}, "missing_lines": [215, 217], "excluded_lines": [], "start_line": 197}, "Agent._cleanup": {"executed_lines": [227, 231], "summary": {"covered_lines": 2, "num_statements": 2, "percent_covered": 100.0, "percent_covered_display": "100", "missing_lines": 0, "excluded_lines": 0, "percent_statements_covered": 100.0, "percent_statements_covered_display": "100"}, "missing_lines": [], "excluded_lines": [], "start_line": 219}, "Agent._write_agent_status": {"executed_lines": [242, 243, 244, 247, 248, 249, 258, 259, 265, 268, 269, 274, 275, 277, 282, 284], "summary": {"covered_lines": 16, "num_statements": 16, "percent_covered": 100.0, "percent_covered_display": "100", "missing_lines": 0, "excluded_lines": 0, "percent_statements_covered": 100.0, "percent_statements_covered_display": "100"}, "missing_lines": [], "excluded_lines": [], "start_line": 233}, "Agent._execute_step_with_retry": {"executed_lines": [300, 301, 303, 304, 305, 306, 307, 311, 312, 314, 315, 316, 321, 328, 330, 331, 332, 333, 336, 338, 339, 340, 341, 343, 346, 347, 350, 353, 354, 355, 361, 366, 374], "summary": {"covered_lines": 33, "num_statements": 37, "percent_covered": 89.1891891891892, "percent_covered_display": "89", "missing_lines": 4, "excluded_lines": 0, "percent_statements_covered": 89.1891891891892, "percent_statements_covered_display": "89"}, "missing_lines": [313, 318, 362, 363], "excluded_lines": [], "start_line": 286}, "Agent._find_alternate_skill": {"executed_lines": [388, 389, 393, 394, 397, 398, 399, 400, 401, 404], "summary": {"covered_lines": 10, "num_statements": 12, "percent_covered": 83.33333333333333, "percent_covered_display": "83", "missing_lines": 2, "excluded_lines": 0, "percent_statements_covered": 83.33333333333333, "percent_statements_covered_display": "83"}, "missing_lines": [390, 402], "excluded_lines": [], "start_line": 376}, "Agent.run_async": {"executed_lines": [], "summary": {"covered_lines": 0, "num_statements": 8, "percent_covered": 0.0, "percent_covered_display": "0", "missing_lines": 8, "excluded_lines": 0, "percent_statements_covered": 0.0, "percent_statements_covered_display": "0"}, "missing_lines": [417, 418, 420, 421, 423, 424, 426, 428], "excluded_lines": [], "start_line": 406}, "Agent.spawn": {"executed_lines": [448, 451, 452, 457, 458, 460, 461], "summary": {"covered_lines": 7, "num_statements": 7, "percent_covered": 100.0, "percent_covered_display": "100", "missing_lines": 0, "excluded_lines": 0, "percent_statements_covered": 100.0, "percent_statements_covered_display": "100"}, "missing_lines": [], "excluded_lines": [], "start_line": 430}, "Agent.teach": {"executed_lines": [471, 472], "summary": {"covered_lines": 2, "num_statements": 2, "percent_covered": 100.0, "percent_covered_display": "100", "missing_lines": 0, "excluded_lines": 0, "percent_statements_covered": 100.0, "percent_statements_covered_display": "100"}, "missing_lines": [], "excluded_lines": [], "start_line": 463}, "Agent.receive_teaching": {"executed_lines": [481], "summary": {"covered_lines": 1, "num_statements": 1, "percent_covered": 100.0, "percent_covered_display": "100", "missing_lines": 0, "excluded_lines": 0, "percent_statements_covered": 100.0, "percent_statements_covered_display": "100"}, "missing_lines": [], "excluded_lines": [], "start_line": 474}, "Agent.internalize": {"executed_lines": [485, 486], "summary": {"covered_lines": 2, "num_statements": 2, "percent_covered": 100.0, "percent_covered_display": "100", "missing_lines": 0, "excluded_lines": 0, "percent_statements_covered": 100.0, "percent_statements_covered_display": "100"}, "missing_lines": [], "excluded_lines": [], "start_line": 483}, "Agent.learn": {"executed_lines": [], "summary": {"covered_lines": 0, "num_statements": 1, "percent_covered": 0.0, "percent_covered_display": "0", "missing_lines": 1, "excluded_lines": 0, "percent_statements_covered": 0.0, "percent_statements_covered_display": "0"}, "missing_lines": [496], "excluded_lines": [], "start_line": 488}, "Agent.recall": {"executed_lines": [], "summary": {"covered_lines": 0, "num_statements": 1, "percent_covered": 0.0, "percent_covered_display": "0", "missing_lines": 1, "excluded_lines": 0, "percent_statements_covered": 0.0, "percent_statements_covered_display": "0"}, "missing_lines": [508], "excluded_lines": [], "start_line": 498}, "Agent.get_history": {"executed_lines": [520, 521, 522], "summary": {"covered_lines": 3, "num_statements": 3, "percent_covered": 100.0, "percent_covered_display": "100", "missing_lines": 0, "excluded_lines": 0, "percent_statements_covered": 100.0, "percent_statements_covered_display": "100"}, "missing_lines": [], "excluded_lines": [], "start_line": 510}, "": {"executed_lines": [15, 16, 17, 18, 19, 20, 21, 22, 24, 27, 36, 93, 166, 197, 219, 233, 286, 376, 406, 430, 463, 474, 483, 488, 498, 510], "summary": {"covered_lines": 26, "num_statements": 26, "percent_covered": 100.0, "percent_covered_display": "100", "missing_lines": 0, "excluded_lines": 0, "percent_statements_covered": 100.0, "percent_statements_covered_display": "100"}, "missing_lines": [], "excluded_lines": [], "start_line": 1}}, "classes": {"Agent": {"executed_lines": [59, 60, 61, 62, 63, 64, 65, 66, 67, 68, 71, 72, 73, 74, 77, 78, 79, 84, 87, 88, 112, 113, 114, 115, 116, 119, 120, 122, 123, 124, 125, 126, 127, 128, 130, 131, 134, 135, 142, 149, 154, 157, 158, 160, 176, 178, 180, 181, 184, 187, 188, 195, 206, 207, 208, 209, 214, 227, 231, 242, 243, 244, 247, 248, 249, 258, 259, 265, 268, 269, 274, 275, 277, 282, 284, 300, 301, 303, 304, 305, 306, 307, 311, 312, 314, 315, 316, 321, 328, 330, 331, 332, 333, 336, 338, 339, 340, 341, 343, 346, 347, 350, 353, 354, 355, 361, 366, 374, 388, 389, 393, 394, 397, 398, 399, 400, 401, 404, 448, 451, 452, 457, 458, 460, 461, 471, 472, 481, 485, 486, 520, 521, 522], "summary": {"covered_lines": 133, "num_statements": 152, "percent_covered": 87.5, "percent_covered_display": "88", "missing_lines": 19, "excluded_lines": 0, "percent_statements_covered": 87.5, "percent_statements_covered_display": "88"}, "missing_lines": [150, 215, 217, 313, 318, 362, 363, 390, 402, 417, 418, 420, 421, 423, 424, 426, 428, 496, 508], "excluded_lines": [], "start_line": 27}, "": {"executed_lines": [15, 16, 17, 18, 19, 20, 21, 22, 24, 27, 36, 93, 166, 197, 219, 233, 286, 376, 406, 430, 463, 474, 483, 488, 498, 510], "summary": {"covered_lines": 26, "num_statements": 26, "percent_covered": 100.0, "percent_covered_display": "100", "missing_lines": 0, "excluded_lines": 0, "percent_statements_covered": 100.0, "percent_statements_covered_display": "100"}, "missing_lines": [], "excluded_lines": [], "start_line": 1}}}, "core\\cost.py": {"executed_lines": [9, 10, 11, 12, 13, 15, 18, 20, 23, 33, 41, 42, 43, 45, 75, 86, 87, 88, 89, 92, 95, 98, 99, 100, 103, 105, 114, 126, 128, 129, 136, 161, 163, 171, 172, 173, 176, 210], "summary": {"covered_lines": 38, "num_statements": 71, "percent_covered": 53.521126760563384, "percent_covered_display": "54", "missing_lines": 33, "excluded_lines": 0, "percent_statements_covered": 53.521126760563384, "percent_statements_covered_display": "54"}, "missing_lines": [59, 60, 63, 73, 101, 134, 144, 145, 146, 147, 150, 178, 179, 180, 183, 186, 187, 188, 191, 192, 193, 194, 195, 196, 199, 200, 201, 202, 203, 204, 206, 207, 211], "excluded_lines": [], "functions": {"CostTracker.__init__": {"executed_lines": [41, 42, 43], "summary": {"covered_lines": 3, "num_statements": 3, "percent_covered": 100.0, "percent_covered_display": "100", "missing_lines": 0, "excluded_lines": 0, "percent_statements_covered": 100.0, "percent_statements_covered_display": "100"}, "missing_lines": [], "excluded_lines": [], "start_line": 33}, "CostTracker.track_cost": {"executed_lines": [], "summary": {"covered_lines": 0, "num_statements": 4, "percent_covered": 0.0, "percent_covered_display": "0", "missing_lines": 4, "excluded_lines": 0, "percent_statements_covered": 0.0, "percent_statements_covered_display": "0"}, "missing_lines": [59, 60, 63, 73], "excluded_lines": [], "start_line": 45}, "CostTracker.check_budget": {"executed_lines": [86, 87, 88, 89, 92, 95, 98, 99, 100, 103, 105], "summary": {"covered_lines": 11, "num_statements": 12, "percent_covered": 91.66666666666667, "percent_covered_display": "92", "missing_lines": 1, "excluded_lines": 0, "percent_statements_covered": 91.66666666666667, "percent_statements_covered_display": "92"}, "missing_lines": [101], "excluded_lines": [], "start_line": 75}, "CostTracker.check_and_throw": {"executed_lines": [126, 128, 129], "summary": {"covered_lines": 3, "num_statements": 4, "percent_covered": 75.0, "percent_covered_display": "75", "missing_lines": 1, "excluded_lines": 0, "percent_statements_covered": 75.0, "percent_statements_covered_display": "75"}, "missing_lines": [134], "excluded_lines": [], "start_line": 114}, "CostTracker.update_budget_config": {"executed_lines": [], "summary": {"covered_lines": 0, "num_statements": 5, "percent_covered": 0.0, "percent_covered_display": "0", "missing_lines": 5, "excluded_lines": 0, "percent_statements_covered": 0.0, "percent_statements_covered_display": "0"}, "missing_lines": [144, 145, 146, 147, 150], "excluded_lines": [], "start_line": 136}, "get_cost_tracker": {"executed_lines": [171, 172, 173], "summary": {"covered_lines": 3, "num_statements": 3, "percent_covered": 100.0, "percent_covered_display": "100", "missing_lines": 0, "excluded_lines": 0, "percent_statements_covered": 100.0, "percent_statements_covered_display": "100"}, "missing_lines": [], "excluded_lines": [], "start_line": 163}, "test_cost_tracker": {"executed_lines": [], "summary": {"covered_lines": 0, "num_statements": 21, "percent_covered": 0.0, "percent_covered_display": "0", "missing_lines": 21, "excluded_lines": 0, "percent_statements_covered": 0.0, "percent_statements_covered_display": "0"}, "missing_lines": [178, 179, 180, 183, 186, 187, 188, 191, 192, 193, 194, 195, 196, 199, 200, 201, 202, 203, 204, 206, 207], "excluded_lines": [], "start_line": 176}, "": {"executed_lines": [9, 10, 11, 12, 13, 15, 18, 20, 23, 33, 45, 75, 114, 136, 161, 163, 176, 210], "summary": {"covered_lines": 18, "num_statements": 19, "percent_covered": 94.73684210526316, "percent_covered_display": "95", "missing_lines": 1, "excluded_lines": 0, "percent_statements_covered": 94.73684210526316, "percent_statements_covered_display": "95"}, "missing_lines": [211], "excluded_lines": [], "start_line": 1}}, "classes": {"BudgetExceededError": {"executed_lines": [], "summary": {"covered_lines": 0, "num_statements": 0, "percent_covered": 100.0, "percent_covered_display": "100", "missing_lines": 0, "excluded_lines": 0, "percent_statements_covered": 100.0, "percent_statements_covered_display": "100"}, "missing_lines": [], "excluded_lines": [], "start_line": 18}, "CostTracker": {"executed_lines": [41, 42, 43, 86, 87, 88, 89, 92, 95, 98, 99, 100, 103, 105, 126, 128, 129], "summary": {"covered_lines": 17, "num_statements": 28, "percent_covered": 60.714285714285715, "percent_covered_display": "61", "missing_lines": 11, "excluded_lines": 0, "percent_statements_covered": 60.714285714285715, "percent_statements_covered_display": "61"}, "missing_lines": [59, 60, 63, 73, 101, 134, 144, 145, 146, 147, 150], "excluded_lines": [], "start_line": 23}, "": {"executed_lines": [9, 10, 11, 12, 13, 15, 18, 20, 23, 33, 45, 75, 114, 136, 161, 163, 171, 172, 173, 176, 210], "summary": {"covered_lines": 21, "num_statements": 43, "percent_covered": 48.83720930232558, "percent_covered_display": "49", "missing_lines": 22, "excluded_lines": 0, "percent_statements_covered": 48.83720930232558, "percent_statements_covered_display": "49"}, "missing_lines": [178, 179, 180, 183, 186, 187, 188, 191, 192, 193, 194, 195, 196, 199, 200, 201, 202, 203, 204, 206, 207, 211], "excluded_lines": [], "start_line": 1}}}, "core\\db.py": {"executed_lines": [9, 10, 11, 12, 13, 14, 17, 27, 28, 30, 31, 32, 33, 35, 42, 43, 45, 46, 48, 52, 53, 54, 56, 58, 60, 62, 64, 66, 67, 68, 70, 72, 73, 76, 87, 103, 115, 131, 145, 159, 174, 191, 203, 219, 240, 256, 269, 279, 293, 306, 324, 348, 358, 370, 373, 376, 380, 381, 384, 387, 390, 393, 396, 398, 400, 402, 407, 408, 409, 415, 417, 426, 427, 428, 434, 436, 442, 443, 444, 445, 446, 450, 452, 453, 454, 455, 459, 461, 471, 472, 473, 483, 494, 495, 497, 498, 499, 501, 502, 503, 505, 507, 520, 521, 523, 524, 526, 527, 528, 530, 532, 544, 545, 547, 548, 549, 551, 553, 565, 566, 568, 569, 570, 572, 573, 574, 576, 588, 589, 591, 592, 593, 595, 596, 598, 600, 601, 603, 614, 615, 617, 618, 620, 622, 623, 624, 633, 643, 645, 652, 654, 656, 677, 689, 699, 701, 712, 717, 718, 719, 722, 751, 764, 765, 774, 785, 795, 801, 803, 810, 815, 816, 822, 839, 854, 865, 870, 871, 874, 877, 878, 880, 898, 907, 909, 919, 920, 922, 932, 940, 942, 949, 953, 955, 963, 964, 965, 967, 975], "summary": {"covered_lines": 199, "num_statements": 244, "percent_covered": 81.55737704918033, "percent_covered_display": "82", "missing_lines": 45, "excluded_lines": 0, "percent_statements_covered": 81.55737704918033, "percent_statements_covered_display": "82"}, "missing_lines": [61, 410, 411, 412, 413, 429, 430, 431, 432, 447, 448, 456, 457, 474, 475, 476, 477, 626, 627, 647, 666, 668, 669, 673, 675, 687, 720, 729, 737, 738, 739, 740, 741, 742, 743, 745, 766, 872, 873, 875, 876, 970, 971, 972, 977], "excluded_lines": [], "functions": {"DBManager.__new__": {"executed_lines": [31, 32, 33], "summary": {"covered_lines": 3, "num_statements": 3, "percent_covered": 100.0, "percent_covered_display": "100", "missing_lines": 0, "excluded_lines": 0, "percent_statements_covered": 100.0, "percent_statements_covered_display": "100"}, "missing_lines": [], "excluded_lines": [], "start_line": 30}, "DBManager.__init__": {"executed_lines": [42, 43, 45, 46, 48, 52, 53, 54, 56], "summary": {"covered_lines": 9, "num_statements": 9, "percent_covered": 100.0, "percent_covered_display": "100", "missing_lines": 0, "excluded_lines": 0, "percent_statements_covered": 100.0, "percent_statements_covered_display": "100"}, "missing_lines": [], "excluded_lines": [], "start_line": 35}, "DBManager.get_connection": {"executed_lines": [60, 62], "summary": {"covered_lines": 2, "num_statements": 3, "percent_covered": 66.66666666666667, "percent_covered_display": "67", "missing_lines": 1, "excluded_lines": 0, "percent_statements_covered": 66.66666666666667, "percent_statements_covered_display": "67"}, "missing_lines": [61], "excluded_lines": [], "start_line": 58}, "DBManager.close": {"executed_lines": [66, 67, 68], "summary": {"covered_lines": 3, "num_statements": 3, "percent_covered": 100.0, "percent_covered_display": "100", "missing_lines": 0, "excluded_lines": 0, "percent_statements_covered": 100.0, "percent_statements_covered_display": "100"}, "missing_lines": [], "excluded_lines": [], "start_line": 64}, "DBManager.init_tables": {"executed_lines": [72, 73, 76, 87, 103, 115, 131, 145, 159, 174, 191, 203, 219, 240, 256, 269, 279, 293, 306, 324, 348, 358, 370, 373, 376, 380, 381, 384, 387, 390, 393, 396, 398], "summary": {"covered_lines": 33, "num_statements": 33, "percent_covered": 100.0, "percent_covered_display": "100", "missing_lines": 0, "excluded_lines": 0, "percent_statements_covered": 100.0, "percent_statements_covered_display": "100"}, "missing_lines": [], "excluded_lines": [], "start_line": 70}, "DBManager._migrate_energy_log_table": {"executed_lines": [402, 407, 408, 409], "summary": {"covered_lines": 4, "num_statements": 8, "percent_covered": 50.0, "percent_covered_display": "50", "missing_lines": 4, "excluded_lines": 0, "percent_statements_covered": 50.0, "percent_statements_covered_display": "50"}, "missing_lines": [410, 411, 412, 413], "excluded_lines": [], "start_line": 400}, "DBManager._migrate_schedule_table": {"executed_lines": [417, 426, 427, 428], "summary": {"covered_lines": 4, "num_statements": 8, "percent_covered": 50.0, "percent_covered_display": "50", "missing_lines": 4, "excluded_lines": 0, "percent_statements_covered": 50.0, "percent_statements_covered_display": "50"}, "missing_lines": [429, 430, 431, 432], "excluded_lines": [], "start_line": 415}, "DBManager._migrate_skills_table": {"executed_lines": [436, 442, 443, 444, 445, 446], "summary": {"covered_lines": 6, "num_statements": 8, "percent_covered": 75.0, "percent_covered_display": "75", "missing_lines": 2, "excluded_lines": 0, "percent_statements_covered": 75.0, "percent_statements_covered_display": "75"}, "missing_lines": [447, 448], "excluded_lines": [], "start_line": 434}, "DBManager._migrate_skill_versions_table": {"executed_lines": [452, 453, 454, 455], "summary": {"covered_lines": 4, "num_statements": 6, "percent_covered": 66.66666666666667, "percent_covered_display": "67", "missing_lines": 2, "excluded_lines": 0, "percent_statements_covered": 66.66666666666667, "percent_statements_covered_display": "67"}, "missing_lines": [456, 457], "excluded_lines": [], "start_line": 450}, "DBManager._migrate_decision_points_table": {"executed_lines": [461, 471, 472, 473], "summary": {"covered_lines": 4, "num_statements": 8, "percent_covered": 50.0, "percent_covered_display": "50", "missing_lines": 4, "excluded_lines": 0, "percent_statements_covered": 50.0, "percent_statements_covered_display": "50"}, "missing_lines": [474, 475, 476, 477], "excluded_lines": [], "start_line": 459}, "DBManager.insert": {"executed_lines": [494, 495, 497, 498, 499, 501, 502, 503, 505], "summary": {"covered_lines": 9, "num_statements": 9, "percent_covered": 100.0, "percent_covered_display": "100", "missing_lines": 0, "excluded_lines": 0, "percent_statements_covered": 100.0, "percent_statements_covered_display": "100"}, "missing_lines": [], "excluded_lines": [], "start_line": 483}, "DBManager.update": {"executed_lines": [520, 521, 523, 524, 526, 527, 528, 530], "summary": {"covered_lines": 8, "num_statements": 8, "percent_covered": 100.0, "percent_covered_display": "100", "missing_lines": 0, "excluded_lines": 0, "percent_statements_covered": 100.0, "percent_statements_covered_display": "100"}, "missing_lines": [], "excluded_lines": [], "start_line": 507}, "DBManager.delete": {"executed_lines": [544, 545, 547, 548, 549, 551], "summary": {"covered_lines": 6, "num_statements": 6, "percent_covered": 100.0, "percent_covered_display": "100", "missing_lines": 0, "excluded_lines": 0, "percent_statements_covered": 100.0, "percent_statements_covered_display": "100"}, "missing_lines": [], "excluded_lines": [], "start_line": 532}, "DBManager.select_one": {"executed_lines": [565, 566, 568, 569, 570, 572, 573, 574], "summary": {"covered_lines": 8, "num_statements": 8, "percent_covered": 100.0, "percent_covered_display": "100", "missing_lines": 0, "excluded_lines": 0, "percent_statements_covered": 100.0, "percent_statements_covered_display": "100"}, "missing_lines": [], "excluded_lines": [], "start_line": 553}, "DBManager.select_all": {"executed_lines": [588, 589, 591, 592, 593, 595, 596, 598, 600, 601], "summary": {"covered_lines": 10, "num_statements": 10, "percent_covered": 100.0, "percent_covered_display": "100", "missing_lines": 0, "excluded_lines": 0, "percent_statements_covered": 100.0, "percent_statements_covered_display": "100"}, "missing_lines": [], "excluded_lines": [], "start_line": 576}, "DBManager.execute_sql": {"executed_lines": [614, 615, 617, 618, 620, 622, 623, 624], "summary": {"covered_lines": 8, "num_statements": 10, "percent_covered": 80.0, "percent_covered_display": "80", "missing_lines": 2, "excluded_lines": 0, "percent_statements_covered": 80.0, "percent_statements_covered_display": "80"}, "missing_lines": [626, 627], "excluded_lines": [], "start_line": 603}, "DBManager.save_task": {"executed_lines": [643, 645, 652, 654], "summary": {"covered_lines": 4, "num_statements": 5, "percent_covered": 80.0, "percent_covered_display": "80", "missing_lines": 1, "excluded_lines": 0, "percent_statements_covered": 80.0, "percent_statements_covered_display": "80"}, "missing_lines": [647], "excluded_lines": [], "start_line": 633}, "DBManager.save_agent": {"executed_lines": [], "summary": {"covered_lines": 0, "num_statements": 5, "percent_covered": 0.0, "percent_covered_display": "0", "missing_lines": 5, "excluded_lines": 0, "percent_statements_covered": 0.0, "percent_statements_covered_display": "0"}, "missing_lines": [666, 668, 669, 673, 675], "excluded_lines": [], "start_line": 656}, "DBManager.log_cost": {"executed_lines": [], "summary": {"covered_lines": 0, "num_statements": 1, "percent_covered": 0.0, "percent_covered_display": "0", "missing_lines": 1, "excluded_lines": 0, "percent_statements_covered": 0.0, "percent_statements_covered_display": "0"}, "missing_lines": [687], "excluded_lines": [], "start_line": 677}, "DBManager.log_audit": {"executed_lines": [699], "summary": {"covered_lines": 1, "num_statements": 1, "percent_covered": 100.0, "percent_covered_display": "100", "missing_lines": 0, "excluded_lines": 0, "percent_statements_covered": 100.0, "percent_statements_covered_display": "100"}, "missing_lines": [], "excluded_lines": [], "start_line": 689}, "DBManager.get_monthly_cost": {"executed_lines": [712, 717, 718, 719], "summary": {"covered_lines": 4, "num_statements": 5, "percent_covered": 80.0, "percent_covered_display": "80", "missing_lines": 1, "excluded_lines": 0, "percent_statements_covered": 80.0, "percent_statements_covered_display": "80"}, "missing_lines": [720], "excluded_lines": [], "start_line": 701}, "DBManager.get_table_counts": {"executed_lines": [], "summary": {"covered_lines": 0, "num_statements": 9, "percent_covered": 0.0, "percent_covered_display": "0", "missing_lines": 9, "excluded_lines": 0, "percent_statements_covered": 0.0, "percent_statements_covered_display": "0"}, "missing_lines": [729, 737, 738, 739, 740, 741, 742, 743, 745], "excluded_lines": [], "start_line": 722}, "DBManager.add_energy_log": {"executed_lines": [764, 765, 774], "summary": {"covered_lines": 3, "num_statements": 4, "percent_covered": 75.0, "percent_covered_display": "75", "missing_lines": 1, "excluded_lines": 0, "percent_statements_covered": 75.0, "percent_statements_covered_display": "75"}, "missing_lines": [766], "excluded_lines": [], "start_line": 751}, "DBManager.get_energy_history": {"executed_lines": [795, 801], "summary": {"covered_lines": 2, "num_statements": 2, "percent_covered": 100.0, "percent_covered_display": "100", "missing_lines": 0, "excluded_lines": 0, "percent_statements_covered": 100.0, "percent_statements_covered_display": "100"}, "missing_lines": [], "excluded_lines": [], "start_line": 785}, "DBManager.get_latest_energy": {"executed_lines": [810, 815, 816], "summary": {"covered_lines": 3, "num_statements": 3, "percent_covered": 100.0, "percent_covered_display": "100", "missing_lines": 0, "excluded_lines": 0, "percent_statements_covered": 100.0, "percent_statements_covered_display": "100"}, "missing_lines": [], "excluded_lines": [], "start_line": 803}, "DBManager.add_schedule": {"executed_lines": [839], "summary": {"covered_lines": 1, "num_statements": 1, "percent_covered": 100.0, "percent_covered_display": "100", "missing_lines": 0, "excluded_lines": 0, "percent_statements_covered": 100.0, "percent_statements_covered_display": "100"}, "missing_lines": [], "excluded_lines": [], "start_line": 822}, "DBManager.get_schedules": {"executed_lines": [865, 870, 871, 874, 877, 878], "summary": {"covered_lines": 6, "num_statements": 10, "percent_covered": 60.0, "percent_covered_display": "60", "missing_lines": 4, "excluded_lines": 0, "percent_statements_covered": 60.0, "percent_statements_covered_display": "60"}, "missing_lines": [872, 873, 875, 876], "excluded_lines": [], "start_line": 854}, "DBManager.update_schedule": {"executed_lines": [898, 907], "summary": {"covered_lines": 2, "num_statements": 2, "percent_covered": 100.0, "percent_covered_display": "100", "missing_lines": 0, "excluded_lines": 0, "percent_statements_covered": 100.0, "percent_statements_covered_display": "100"}, "missing_lines": [], "excluded_lines": [], "start_line": 880}, "DBManager.delete_schedule": {"executed_lines": [919, 920], "summary": {"covered_lines": 2, "num_statements": 2, "percent_covered": 100.0, "percent_covered_display": "100", "missing_lines": 0, "excluded_lines": 0, "percent_statements_covered": 100.0, "percent_statements_covered_display": "100"}, "missing_lines": [], "excluded_lines": [], "start_line": 909}, "DBManager.get_upcoming_reminders": {"executed_lines": [932, 940], "summary": {"covered_lines": 2, "num_statements": 2, "percent_covered": 100.0, "percent_covered_display": "100", "missing_lines": 0, "excluded_lines": 0, "percent_statements_covered": 100.0, "percent_statements_covered_display": "100"}, "missing_lines": [], "excluded_lines": [], "start_line": 922}, "DBManager.mark_schedule_notified": {"executed_lines": [949], "summary": {"covered_lines": 1, "num_statements": 1, "percent_covered": 100.0, "percent_covered_display": "100", "missing_lines": 0, "excluded_lines": 0, "percent_statements_covered": 100.0, "percent_statements_covered_display": "100"}, "missing_lines": [], "excluded_lines": [], "start_line": 942}, "get_db": {"executed_lines": [963, 964, 965], "summary": {"covered_lines": 3, "num_statements": 3, "percent_covered": 100.0, "percent_covered_display": "100", "missing_lines": 0, "excluded_lines": 0, "percent_statements_covered": 100.0, "percent_statements_covered_display": "100"}, "missing_lines": [], "excluded_lines": [], "start_line": 955}, "close_db": {"executed_lines": [], "summary": {"covered_lines": 0, "num_statements": 3, "percent_covered": 0.0, "percent_covered_display": "0", "missing_lines": 3, "excluded_lines": 0, "percent_statements_covered": 0.0, "percent_statements_covered_display": "0"}, "missing_lines": [970, 971, 972], "excluded_lines": [], "start_line": 967}, "get_db_connection": {"executed_lines": [], "summary": {"covered_lines": 0, "num_statements": 1, "percent_covered": 0.0, "percent_covered_display": "0", "missing_lines": 1, "excluded_lines": 0, "percent_statements_covered": 0.0, "percent_statements_covered_display": "0"}, "missing_lines": [977], "excluded_lines": [], "start_line": 975}, "": {"executed_lines": [9, 10, 11, 12, 13, 14, 17, 27, 28, 30, 35, 58, 64, 70, 400, 415, 434, 450, 459, 483, 507, 532, 553, 576, 603, 633, 656, 677, 689, 701, 722, 751, 785, 803, 822, 854, 880, 909, 922, 942, 953, 955, 967, 975], "summary": {"covered_lines": 44, "num_statements": 44, "percent_covered": 100.0, "percent_covered_display": "100", "missing_lines": 0, "excluded_lines": 0, "percent_statements_covered": 100.0, "percent_statements_covered_display": "100"}, "missing_lines": [], "excluded_lines": [], "start_line": 1}}, "classes": {"DBManager": {"executed_lines": [31, 32, 33, 42, 43, 45, 46, 48, 52, 53, 54, 56, 60, 62, 66, 67, 68, 72, 73, 76, 87, 103, 115, 131, 145, 159, 174, 191, 203, 219, 240, 256, 269, 279, 293, 306, 324, 348, 358, 370, 373, 376, 380, 381, 384, 387, 390, 393, 396, 398, 402, 407, 408, 409, 417, 426, 427, 428, 436, 442, 443, 444, 445, 446, 452, 453, 454, 455, 461, 471, 472, 473, 494, 495, 497, 498, 499, 501, 502, 503, 505, 520, 521, 523, 524, 526, 527, 528, 530, 544, 545, 547, 548, 549, 551, 565, 566, 568, 569, 570, 572, 573, 574, 588, 589, 591, 592, 593, 595, 596, 598, 600, 601, 614, 615, 617, 618, 620, 622, 623, 624, 643, 645, 652, 654, 699, 712, 717, 718, 719, 764, 765, 774, 795, 801, 810, 815, 816, 839, 865, 870, 871, 874, 877, 878, 898, 907, 919, 920, 932, 940, 949], "summary": {"covered_lines": 152, "num_statements": 193, "percent_covered": 78.75647668393782, "percent_covered_display": "79", "missing_lines": 41, "excluded_lines": 0, "percent_statements_covered": 78.75647668393782, "percent_statements_covered_display": "79"}, "missing_lines": [61, 410, 411, 412, 413, 429, 430, 431, 432, 447, 448, 456, 457, 474, 475, 476, 477, 626, 627, 647, 666, 668, 669, 673, 675, 687, 720, 729, 737, 738, 739, 740, 741, 742, 743, 745, 766, 872, 873, 875, 876], "excluded_lines": [], "start_line": 17}, "": {"executed_lines": [9, 10, 11, 12, 13, 14, 17, 27, 28, 30, 35, 58, 64, 70, 400, 415, 434, 450, 459, 483, 507, 532, 553, 576, 603, 633, 656, 677, 689, 701, 722, 751, 785, 803, 822, 854, 880, 909, 922, 942, 953, 955, 963, 964, 965, 967, 975], "summary": {"covered_lines": 47, "num_statements": 51, "percent_covered": 92.15686274509804, "percent_covered_display": "92", "missing_lines": 4, "excluded_lines": 0, "percent_statements_covered": 92.15686274509804, "percent_statements_covered_display": "92"}, "missing_lines": [970, 971, 972, 977], "excluded_lines": [], "start_line": 1}}}, "core\\decision_manager.py": {"executed_lines": [5, 6, 7, 8, 10, 12, 15, 28, 35, 36, 38, 61, 62, 65, 70, 71, 76, 81, 84, 100, 102, 104, 105, 106, 108, 110, 127, 128, 129, 132, 149, 153, 155, 156, 157, 158, 160, 162, 175, 183, 184, 187, 196, 198, 199, 202, 203, 206, 207, 211, 213, 220, 222, 252, 287, 290], "summary": {"covered_lines": 56, "num_statements": 90, "percent_covered": 62.22222222222222, "percent_covered_display": "62", "missing_lines": 34, "excluded_lines": 0, "percent_statements_covered": 62.22222222222222, "percent_statements_covered_display": "62"}, "missing_lines": [66, 67, 150, 151, 173, 209, 232, 233, 235, 236, 238, 239, 241, 242, 245, 246, 248, 250, 262, 263, 265, 270, 271, 273, 274, 275, 277, 278, 280, 281, 283, 302, 303, 305], "excluded_lines": [], "functions": {"DecisionManager.__init__": {"executed_lines": [35, 36], "summary": {"covered_lines": 2, "num_statements": 2, "percent_covered": 100.0, "percent_covered_display": "100", "missing_lines": 0, "excluded_lines": 0, "percent_statements_covered": 100.0, "percent_statements_covered_display": "100"}, "missing_lines": [], "excluded_lines": [], "start_line": 28}, "DecisionManager.pause_decision": {"executed_lines": [61, 62, 65, 70, 71, 76, 81, 84, 100, 102, 104, 105, 106, 108], "summary": {"covered_lines": 14, "num_statements": 16, "percent_covered": 87.5, "percent_covered_display": "88", "missing_lines": 2, "excluded_lines": 0, "percent_statements_covered": 87.5, "percent_statements_covered_display": "88"}, "missing_lines": [66, 67], "excluded_lines": [], "start_line": 38}, "DecisionManager.resume_decision": {"executed_lines": [127, 128, 129, 132, 149, 153, 155, 156, 157, 158, 160], "summary": {"covered_lines": 11, "num_statements": 13, "percent_covered": 84.61538461538461, "percent_covered_display": "85", "missing_lines": 2, "excluded_lines": 0, "percent_statements_covered": 84.61538461538461, "percent_statements_covered_display": "85"}, "missing_lines": [150, 151], "excluded_lines": [], "start_line": 110}, "DecisionManager.reject_decision": {"executed_lines": [], "summary": {"covered_lines": 0, "num_statements": 1, "percent_covered": 0.0, "percent_covered_display": "0", "missing_lines": 1, "excluded_lines": 0, "percent_statements_covered": 0.0, "percent_statements_covered_display": "0"}, "missing_lines": [173], "excluded_lines": [], "start_line": 162}, "DecisionManager.get_pending_decision": {"executed_lines": [183, 184, 187, 196, 198, 199, 202, 203, 206, 207, 211], "summary": {"covered_lines": 11, "num_statements": 12, "percent_covered": 91.66666666666667, "percent_covered_display": "92", "missing_lines": 1, "excluded_lines": 0, "percent_statements_covered": 91.66666666666667, "percent_statements_covered_display": "92"}, "missing_lines": [209], "excluded_lines": [], "start_line": 175}, "DecisionManager.has_pending_decision": {"executed_lines": [220], "summary": {"covered_lines": 1, "num_statements": 1, "percent_covered": 100.0, "percent_covered_display": "100", "missing_lines": 0, "excluded_lines": 0, "percent_statements_covered": 100.0, "percent_statements_covered_display": "100"}, "missing_lines": [], "excluded_lines": [], "start_line": 213}, "DecisionManager.get_decision_by_id": {"executed_lines": [], "summary": {"covered_lines": 0, "num_statements": 12, "percent_covered": 0.0, "percent_covered_display": "0", "missing_lines": 12, "excluded_lines": 0, "percent_statements_covered": 0.0, "percent_statements_covered_display": "0"}, "missing_lines": [232, 233, 235, 236, 238, 239, 241, 242, 245, 246, 248, 250], "excluded_lines": [], "start_line": 222}, "DecisionManager.get_decisions_by_task": {"executed_lines": [], "summary": {"covered_lines": 0, "num_statements": 13, "percent_covered": 0.0, "percent_covered_display": "0", "missing_lines": 13, "excluded_lines": 0, "percent_statements_covered": 0.0, "percent_statements_covered_display": "0"}, "missing_lines": [262, 263, 265, 270, 271, 273, 274, 275, 277, 278, 280, 281, 283], "excluded_lines": [], "start_line": 252}, "get_decision_manager": {"executed_lines": [], "summary": {"covered_lines": 0, "num_statements": 3, "percent_covered": 0.0, "percent_covered_display": "0", "missing_lines": 3, "excluded_lines": 0, "percent_statements_covered": 0.0, "percent_statements_covered_display": "0"}, "missing_lines": [302, 303, 305], "excluded_lines": [], "start_line": 290}, "": {"executed_lines": [5, 6, 7, 8, 10, 12, 15, 28, 38, 110, 162, 175, 213, 222, 252, 287, 290], "summary": {"covered_lines": 17, "num_statements": 17, "percent_covered": 100.0, "percent_covered_display": "100", "missing_lines": 0, "excluded_lines": 0, "percent_statements_covered": 100.0, "percent_statements_covered_display": "100"}, "missing_lines": [], "excluded_lines": [], "start_line": 1}}, "classes": {"DecisionManager": {"executed_lines": [35, 36, 61, 62, 65, 70, 71, 76, 81, 84, 100, 102, 104, 105, 106, 108, 127, 128, 129, 132, 149, 153, 155, 156, 157, 158, 160, 183, 184, 187, 196, 198, 199, 202, 203, 206, 207, 211, 220], "summary": {"covered_lines": 39, "num_statements": 70, "percent_covered": 55.714285714285715, "percent_covered_display": "56", "missing_lines": 31, "excluded_lines": 0, "percent_statements_covered": 55.714285714285715, "percent_statements_covered_display": "56"}, "missing_lines": [66, 67, 150, 151, 173, 209, 232, 233, 235, 236, 238, 239, 241, 242, 245, 246, 248, 250, 262, 263, 265, 270, 271, 273, 274, 275, 277, 278, 280, 281, 283], "excluded_lines": [], "start_line": 15}, "": {"executed_lines": [5, 6, 7, 8, 10, 12, 15, 28, 38, 110, 162, 175, 213, 222, 252, 287, 290], "summary": {"covered_lines": 17, "num_statements": 20, "percent_covered": 85.0, "percent_covered_display": "85", "missing_lines": 3, "excluded_lines": 0, "percent_statements_covered": 85.0, "percent_statements_covered_display": "85"}, "missing_lines": [302, 303, 305], "excluded_lines": [], "start_line": 1}}}, "core\\event_bus.py": {"executed_lines": [22, 23, 24, 25, 26, 27, 29, 36, 47, 48, 49, 50, 51, 54, 55, 56, 59, 62, 63, 70, 82, 88, 89, 90, 91, 92, 94, 96, 104, 113, 127, 128, 130, 132, 133, 134, 135, 136, 137, 138, 140, 141, 142, 144, 146, 147, 149, 150, 156, 164, 165, 166, 167, 168, 170, 181, 182, 183, 184, 185, 188, 190, 197, 198, 199, 200, 201, 207, 221, 222, 223, 227, 230, 233, 234, 236, 238, 239, 240, 241, 242, 243, 246, 252, 265, 266, 268, 269, 272, 273, 275, 282, 283, 284, 285, 291, 324, 327, 329, 330, 331, 332, 333, 334, 335, 336, 338, 339, 341, 346, 347, 348, 349, 350, 357, 359, 361, 362, 367, 368, 375, 382, 389, 391, 408, 410, 411, 412, 413, 414, 415, 417, 418, 419, 421, 423, 424, 426, 427, 429, 431, 432, 433, 439, 447, 448, 449, 451, 459, 460, 461, 463, 475, 476, 477, 478, 479, 480, 483, 484, 486, 488, 489, 497, 511, 514, 515, 516, 517, 518, 521, 522, 523, 527, 529, 530, 531, 533, 534, 535, 536, 539, 541, 542, 544, 546, 547, 549, 550, 552, 553, 554, 557, 559, 565, 569, 570, 571, 573, 574, 576, 577, 579, 581, 582, 583, 589, 592, 594, 596, 597, 598, 599, 600, 601, 603, 604, 606, 608, 609, 610, 611, 612, 619, 620, 626, 627, 629, 632, 634], "summary": {"covered_lines": 230, "num_statements": 254, "percent_covered": 90.55118110236221, "percent_covered_display": "91", "missing_lines": 24, "excluded_lines": 0, "percent_statements_covered": 90.55118110236221, "percent_statements_covered_display": "91"}, "missing_lines": [105, 186, 187, 225, 301, 302, 303, 304, 305, 306, 310, 311, 312, 313, 314, 315, 316, 317, 482, 490, 491, 524, 555, 595], "excluded_lines": [], "functions": {"Event.__init__": {"executed_lines": [88, 89, 90, 91, 92], "summary": {"covered_lines": 5, "num_statements": 5, "percent_covered": 100.0, "percent_covered_display": "100", "missing_lines": 0, "excluded_lines": 0, "percent_statements_covered": 100.0, "percent_statements_covered_display": "100"}, "missing_lines": [], "excluded_lines": [], "start_line": 82}, "Event.to_dict": {"executed_lines": [96], "summary": {"covered_lines": 1, "num_statements": 1, "percent_covered": 100.0, "percent_covered_display": "100", "missing_lines": 0, "excluded_lines": 0, "percent_statements_covered": 100.0, "percent_statements_covered_display": "100"}, "missing_lines": [], "excluded_lines": [], "start_line": 94}, "Event.__repr__": {"executed_lines": [], "summary": {"covered_lines": 0, "num_statements": 1, "percent_covered": 0.0, "percent_covered_display": "0", "missing_lines": 1, "excluded_lines": 0, "percent_statements_covered": 0.0, "percent_statements_covered_display": "0"}, "missing_lines": [105], "excluded_lines": [], "start_line": 104}, "EventBus.__new__": {"executed_lines": [132, 133, 134, 135, 136, 137, 138], "summary": {"covered_lines": 7, "num_statements": 7, "percent_covered": 100.0, "percent_covered_display": "100", "missing_lines": 0, "excluded_lines": 0, "percent_statements_covered": 100.0, "percent_statements_covered_display": "100"}, "missing_lines": [], "excluded_lines": [], "start_line": 130}, "EventBus.__init__": {"executed_lines": [141, 142, 144, 146, 147, 149, 150], "summary": {"covered_lines": 7, "num_statements": 7, "percent_covered": 100.0, "percent_covered_display": "100", "missing_lines": 0, "excluded_lines": 0, "percent_statements_covered": 100.0, "percent_statements_covered_display": "100"}, "missing_lines": [], "excluded_lines": [], "start_line": 140}, "EventBus.subscribe": {"executed_lines": [164, 165, 166, 167, 168], "summary": {"covered_lines": 5, "num_statements": 5, "percent_covered": 100.0, "percent_covered_display": "100", "missing_lines": 0, "excluded_lines": 0, "percent_statements_covered": 100.0, "percent_statements_covered_display": "100"}, "missing_lines": [], "excluded_lines": [], "start_line": 156}, "EventBus.unsubscribe": {"executed_lines": [181, 182, 183, 184, 185, 188], "summary": {"covered_lines": 6, "num_statements": 8, "percent_covered": 75.0, "percent_covered_display": "75", "missing_lines": 2, "excluded_lines": 0, "percent_statements_covered": 75.0, "percent_statements_covered_display": "75"}, "missing_lines": [186, 187], "excluded_lines": [], "start_line": 170}, "EventBus.clear_subscribers": {"executed_lines": [197, 198, 199, 200, 201], "summary": {"covered_lines": 5, "num_statements": 5, "percent_covered": 100.0, "percent_covered_display": "100", "missing_lines": 0, "excluded_lines": 0, "percent_statements_covered": 100.0, "percent_statements_covered_display": "100"}, "missing_lines": [], "excluded_lines": [], "start_line": 190}, "EventBus.publish": {"executed_lines": [221, 222, 223, 227, 230, 233, 234, 236, 238, 239, 240, 241, 242, 243, 246], "summary": {"covered_lines": 15, "num_statements": 16, "percent_covered": 93.75, "percent_covered_display": "94", "missing_lines": 1, "excluded_lines": 0, "percent_statements_covered": 93.75, "percent_statements_covered_display": "94"}, "missing_lines": [225], "excluded_lines": [], "start_line": 207}, "EventBus.get_event_log": {"executed_lines": [265, 266, 268, 269, 272, 273], "summary": {"covered_lines": 6, "num_statements": 6, "percent_covered": 100.0, "percent_covered_display": "100", "missing_lines": 0, "excluded_lines": 0, "percent_statements_covered": 100.0, "percent_statements_covered_display": "100"}, "missing_lines": [], "excluded_lines": [], "start_line": 252}, "EventBus.get_subscriber_count": {"executed_lines": [282, 283, 284, 285], "summary": {"covered_lines": 4, "num_statements": 4, "percent_covered": 100.0, "percent_covered_display": "100", "missing_lines": 0, "excluded_lines": 0, "percent_statements_covered": 100.0, "percent_statements_covered_display": "100"}, "missing_lines": [], "excluded_lines": [], "start_line": 275}, "EventBus.prune_event_log": {"executed_lines": [], "summary": {"covered_lines": 0, "num_statements": 14, "percent_covered": 0.0, "percent_covered_display": "0", "missing_lines": 14, "excluded_lines": 0, "percent_statements_covered": 0.0, "percent_statements_covered_display": "0"}, "missing_lines": [301, 302, 303, 304, 305, 306, 310, 311, 312, 313, 314, 315, 316, 317], "excluded_lines": [], "start_line": 291}, "EventBus._sanitize_data": {"executed_lines": [329, 330, 331, 332, 333, 334, 335, 336, 338, 339], "summary": {"covered_lines": 10, "num_statements": 10, "percent_covered": 100.0, "percent_covered_display": "100", "missing_lines": 0, "excluded_lines": 0, "percent_statements_covered": 100.0, "percent_statements_covered_display": "100"}, "missing_lines": [], "excluded_lines": [], "start_line": 327}, "EventBus._persist_event": {"executed_lines": [346, 347, 348, 349, 350, 357, 359], "summary": {"covered_lines": 7, "num_statements": 7, "percent_covered": 100.0, "percent_covered_display": "100", "missing_lines": 0, "excluded_lines": 0, "percent_statements_covered": 100.0, "percent_statements_covered_display": "100"}, "missing_lines": [], "excluded_lines": [], "start_line": 341}, "EventBus.reset": {"executed_lines": [367, 368], "summary": {"covered_lines": 2, "num_statements": 2, "percent_covered": 100.0, "percent_covered_display": "100", "missing_lines": 0, "excluded_lines": 0, "percent_statements_covered": 100.0, "percent_statements_covered_display": "100"}, "missing_lines": [], "excluded_lines": [], "start_line": 362}, "get_event_bus": {"executed_lines": [382], "summary": {"covered_lines": 1, "num_statements": 1, "percent_covered": 100.0, "percent_covered_display": "100", "missing_lines": 0, "excluded_lines": 0, "percent_statements_covered": 100.0, "percent_statements_covered_display": "100"}, "missing_lines": [], "excluded_lines": [], "start_line": 375}, "AsyncEventBus.__new__": {"executed_lines": [411, 412, 413, 414, 415], "summary": {"covered_lines": 5, "num_statements": 5, "percent_covered": 100.0, "percent_covered_display": "100", "missing_lines": 0, "excluded_lines": 0, "percent_statements_covered": 100.0, "percent_statements_covered_display": "100"}, "missing_lines": [], "excluded_lines": [], "start_line": 410}, "AsyncEventBus.__init__": {"executed_lines": [418, 419, 421, 423, 424, 426, 427], "summary": {"covered_lines": 7, "num_statements": 7, "percent_covered": 100.0, "percent_covered_display": "100", "missing_lines": 0, "excluded_lines": 0, "percent_statements_covered": 100.0, "percent_statements_covered_display": "100"}, "missing_lines": [], "excluded_lines": [], "start_line": 417}, "AsyncEventBus._get_lock": {"executed_lines": [431, 432, 433], "summary": {"covered_lines": 3, "num_statements": 3, "percent_covered": 100.0, "percent_covered_display": "100", "missing_lines": 0, "excluded_lines": 0, "percent_statements_covered": 100.0, "percent_statements_covered_display": "100"}, "missing_lines": [], "excluded_lines": [], "start_line": 429}, "AsyncEventBus.subscribe": {"executed_lines": [447, 448, 449], "summary": {"covered_lines": 3, "num_statements": 3, "percent_covered": 100.0, "percent_covered_display": "100", "missing_lines": 0, "excluded_lines": 0, "percent_statements_covered": 100.0, "percent_statements_covered_display": "100"}, "missing_lines": [], "excluded_lines": [], "start_line": 439}, "AsyncEventBus.subscribe_async": {"executed_lines": [459, 460, 461], "summary": {"covered_lines": 3, "num_statements": 3, "percent_covered": 100.0, "percent_covered_display": "100", "missing_lines": 0, "excluded_lines": 0, "percent_statements_covered": 100.0, "percent_statements_covered_display": "100"}, "missing_lines": [], "excluded_lines": [], "start_line": 451}, "AsyncEventBus.unsubscribe": {"executed_lines": [475, 476, 477, 478, 479, 480, 483, 484], "summary": {"covered_lines": 8, "num_statements": 9, "percent_covered": 88.88888888888889, "percent_covered_display": "89", "missing_lines": 1, "excluded_lines": 0, "percent_statements_covered": 88.88888888888889, "percent_statements_covered_display": "89"}, "missing_lines": [482], "excluded_lines": [], "start_line": 463}, "AsyncEventBus.clear_subscribers": {"executed_lines": [488, 489], "summary": {"covered_lines": 2, "num_statements": 4, "percent_covered": 50.0, "percent_covered_display": "50", "missing_lines": 2, "excluded_lines": 0, "percent_statements_covered": 50.0, "percent_statements_covered_display": "50"}, "missing_lines": [490, 491], "excluded_lines": [], "start_line": 486}, "AsyncEventBus.publish": {"executed_lines": [511, 514, 515, 516, 517, 518, 521, 522, 523, 527, 541, 542, 544, 546, 547, 549, 550, 552, 553, 554, 557, 559], "summary": {"covered_lines": 22, "num_statements": 24, "percent_covered": 91.66666666666667, "percent_covered_display": "92", "missing_lines": 2, "excluded_lines": 0, "percent_statements_covered": 91.66666666666667, "percent_statements_covered_display": "92"}, "missing_lines": [524, 555], "excluded_lines": [], "start_line": 497}, "AsyncEventBus.publish._run_one": {"executed_lines": [529, 530, 531, 533, 534, 535, 536, 539], "summary": {"covered_lines": 8, "num_statements": 8, "percent_covered": 100.0, "percent_covered_display": "100", "missing_lines": 0, "excluded_lines": 0, "percent_statements_covered": 100.0, "percent_statements_covered_display": "100"}, "missing_lines": [], "excluded_lines": [], "start_line": 527}, "AsyncEventBus.get_event_log": {"executed_lines": [569, 570, 571, 573, 574, 576, 577], "summary": {"covered_lines": 7, "num_statements": 7, "percent_covered": 100.0, "percent_covered_display": "100", "missing_lines": 0, "excluded_lines": 0, "percent_statements_covered": 100.0, "percent_statements_covered_display": "100"}, "missing_lines": [], "excluded_lines": [], "start_line": 565}, "AsyncEventBus.get_subscriber_count": {"executed_lines": [581, 582, 583], "summary": {"covered_lines": 3, "num_statements": 3, "percent_covered": 100.0, "percent_covered_display": "100", "missing_lines": 0, "excluded_lines": 0, "percent_statements_covered": 100.0, "percent_statements_covered_display": "100"}, "missing_lines": [], "excluded_lines": [], "start_line": 579}, "AsyncEventBus._sanitize_data": {"executed_lines": [594, 596, 597, 598, 599, 600, 601, 603, 604], "summary": {"covered_lines": 9, "num_statements": 10, "percent_covered": 90.0, "percent_covered_display": "90", "missing_lines": 1, "excluded_lines": 0, "percent_statements_covered": 90.0, "percent_statements_covered_display": "90"}, "missing_lines": [595], "excluded_lines": [], "start_line": 592}, "AsyncEventBus._persist_event": {"executed_lines": [608, 609, 610, 611, 612, 619, 620], "summary": {"covered_lines": 7, "num_statements": 7, "percent_covered": 100.0, "percent_covered_display": "100", "missing_lines": 0, "excluded_lines": 0, "percent_statements_covered": 100.0, "percent_statements_covered_display": "100"}, "missing_lines": [], "excluded_lines": [], "start_line": 606}, "AsyncEventBus.reset": {"executed_lines": [629], "summary": {"covered_lines": 1, "num_statements": 1, "percent_covered": 100.0, "percent_covered_display": "100", "missing_lines": 0, "excluded_lines": 0, "percent_statements_covered": 100.0, "percent_statements_covered_display": "100"}, "missing_lines": [], "excluded_lines": [], "start_line": 627}, "get_async_event_bus": {"executed_lines": [634], "summary": {"covered_lines": 1, "num_statements": 1, "percent_covered": 100.0, "percent_covered_display": "100", "missing_lines": 0, "excluded_lines": 0, "percent_statements_covered": 100.0, "percent_statements_covered_display": "100"}, "missing_lines": [], "excluded_lines": [], "start_line": 632}, "": {"executed_lines": [22, 23, 24, 25, 26, 27, 29, 36, 47, 48, 49, 50, 51, 54, 55, 56, 59, 62, 63, 70, 82, 94, 104, 113, 127, 128, 130, 140, 156, 170, 190, 207, 252, 275, 291, 324, 327, 341, 361, 362, 375, 389, 391, 408, 410, 417, 429, 439, 451, 463, 486, 497, 565, 579, 589, 592, 606, 626, 627, 632], "summary": {"covered_lines": 60, "num_statements": 60, "percent_covered": 100.0, "percent_covered_display": "100", "missing_lines": 0, "excluded_lines": 0, "percent_statements_covered": 100.0, "percent_statements_covered_display": "100"}, "missing_lines": [], "excluded_lines": [], "start_line": 1}}, "classes": {"EventType": {"executed_lines": [], "summary": {"covered_lines": 0, "num_statements": 0, "percent_covered": 100.0, "percent_covered_display": "100", "missing_lines": 0, "excluded_lines": 0, "percent_statements_covered": 100.0, "percent_statements_covered_display": "100"}, "missing_lines": [], "excluded_lines": [], "start_line": 36}, "Event": {"executed_lines": [88, 89, 90, 91, 92, 96], "summary": {"covered_lines": 6, "num_statements": 7, "percent_covered": 85.71428571428571, "percent_covered_display": "86", "missing_lines": 1, "excluded_lines": 0, "percent_statements_covered": 85.71428571428571, "percent_statements_covered_display": "86"}, "missing_lines": [105], "excluded_lines": [], "start_line": 70}, "EventBus": {"executed_lines": [132, 133, 134, 135, 136, 137, 138, 141, 142, 144, 146, 147, 149, 150, 164, 165, 166, 167, 168, 181, 182, 183, 184, 185, 188, 197, 198, 199, 200, 201, 221, 222, 223, 227, 230, 233, 234, 236, 238, 239, 240, 241, 242, 243, 246, 265, 266, 268, 269, 272, 273, 282, 283, 284, 285, 329, 330, 331, 332, 333, 334, 335, 336, 338, 339, 346, 347, 348, 349, 350, 357, 359, 367, 368], "summary": {"covered_lines": 74, "num_statements": 91, "percent_covered": 81.31868131868131, "percent_covered_display": "81", "missing_lines": 17, "excluded_lines": 0, "percent_statements_covered": 81.31868131868131, "percent_statements_covered_display": "81"}, "missing_lines": [186, 187, 225, 301, 302, 303, 304, 305, 306, 310, 311, 312, 313, 314, 315, 316, 317], "excluded_lines": [], "start_line": 113}, "AsyncEventBus": {"executed_lines": [411, 412, 413, 414, 415, 418, 419, 421, 423, 424, 426, 427, 431, 432, 433, 447, 448, 449, 459, 460, 461, 475, 476, 477, 478, 479, 480, 483, 484, 488, 489, 511, 514, 515, 516, 517, 518, 521, 522, 523, 527, 529, 530, 531, 533, 534, 535, 536, 539, 541, 542, 544, 546, 547, 549, 550, 552, 553, 554, 557, 559, 569, 570, 571, 573, 574, 576, 577, 581, 582, 583, 594, 596, 597, 598, 599, 600, 601, 603, 604, 608, 609, 610, 611, 612, 619, 620, 629], "summary": {"covered_lines": 88, "num_statements": 94, "percent_covered": 93.61702127659575, "percent_covered_display": "94", "missing_lines": 6, "excluded_lines": 0, "percent_statements_covered": 93.61702127659575, "percent_statements_covered_display": "94"}, "missing_lines": [482, 490, 491, 524, 555, 595], "excluded_lines": [], "start_line": 391}, "": {"executed_lines": [22, 23, 24, 25, 26, 27, 29, 36, 47, 48, 49, 50, 51, 54, 55, 56, 59, 62, 63, 70, 82, 94, 104, 113, 127, 128, 130, 140, 156, 170, 190, 207, 252, 275, 291, 324, 327, 341, 361, 362, 375, 382, 389, 391, 408, 410, 417, 429, 439, 451, 463, 486, 497, 565, 579, 589, 592, 606, 626, 627, 632, 634], "summary": {"covered_lines": 62, "num_statements": 62, "percent_covered": 100.0, "percent_covered_display": "100", "missing_lines": 0, "excluded_lines": 0, "percent_statements_covered": 100.0, "percent_statements_covered_display": "100"}, "missing_lines": [], "excluded_lines": [], "start_line": 1}}}, "core\\memory.py": {"executed_lines": [9, 10, 11, 12, 13, 15, 18, 21, 29, 37, 38, 39, 42, 45, 46, 47, 49, 52, 54, 56, 57, 58, 61, 70, 71, 75, 76, 80, 86, 130, 186, 209, 234, 253, 256, 271, 313], "summary": {"covered_lines": 37, "num_statements": 131, "percent_covered": 28.244274809160306, "percent_covered_display": "28", "missing_lines": 94, "excluded_lines": 0, "percent_statements_covered": 28.244274809160306, "percent_statements_covered_display": "28"}, "missing_lines": [74, 82, 83, 84, 97, 99, 100, 105, 107, 109, 110, 113, 114, 117, 123, 125, 126, 127, 128, 141, 143, 144, 146, 147, 148, 149, 150, 158, 159, 161, 163, 169, 170, 171, 172, 179, 181, 182, 183, 184, 196, 198, 199, 201, 203, 204, 205, 206, 207, 216, 217, 219, 220, 221, 222, 223, 224, 229, 230, 231, 232, 236, 237, 238, 240, 242, 244, 248, 249, 266, 267, 268, 273, 274, 275, 278, 281, 282, 286, 290, 293, 294, 295, 296, 297, 300, 301, 302, 305, 306, 307, 309, 310, 314], "excluded_lines": [], "functions": {"MemoryStore.__init__": {"executed_lines": [37, 38, 39, 42, 45, 46, 47, 49, 52], "summary": {"covered_lines": 9, "num_statements": 9, "percent_covered": 100.0, "percent_covered_display": "100", "missing_lines": 0, "excluded_lines": 0, "percent_statements_covered": 100.0, "percent_statements_covered_display": "100"}, "missing_lines": [], "excluded_lines": [], "start_line": 29}, "MemoryStore._init_chromadb": {"executed_lines": [56, 57, 58, 61, 70, 71, 75, 76, 80], "summary": {"covered_lines": 9, "num_statements": 13, "percent_covered": 69.23076923076923, "percent_covered_display": "69", "missing_lines": 4, "excluded_lines": 0, "percent_statements_covered": 69.23076923076923, "percent_statements_covered_display": "69"}, "missing_lines": [74, 82, 83, 84], "excluded_lines": [], "start_line": 54}, "MemoryStore.add_memory": {"executed_lines": [], "summary": {"covered_lines": 0, "num_statements": 15, "percent_covered": 0.0, "percent_covered_display": "0", "missing_lines": 15, "excluded_lines": 0, "percent_statements_covered": 0.0, "percent_statements_covered_display": "0"}, "missing_lines": [97, 99, 100, 105, 107, 109, 110, 113, 114, 117, 123, 125, 126, 127, 128], "excluded_lines": [], "start_line": 86}, "MemoryStore.search_memory": {"executed_lines": [], "summary": {"covered_lines": 0, "num_statements": 21, "percent_covered": 0.0, "percent_covered_display": "0", "missing_lines": 21, "excluded_lines": 0, "percent_statements_covered": 0.0, "percent_statements_covered_display": "0"}, "missing_lines": [141, 143, 144, 146, 147, 148, 149, 150, 158, 159, 161, 163, 169, 170, 171, 172, 179, 181, 182, 183, 184], "excluded_lines": [], "start_line": 130}, "MemoryStore.delete_memory": {"executed_lines": [], "summary": {"covered_lines": 0, "num_statements": 9, "percent_covered": 0.0, "percent_covered_display": "0", "missing_lines": 9, "excluded_lines": 0, "percent_statements_covered": 0.0, "percent_statements_covered_display": "0"}, "missing_lines": [196, 198, 199, 201, 203, 204, 205, 206, 207], "excluded_lines": [], "start_line": 186}, "MemoryStore.get_all_memories": {"executed_lines": [], "summary": {"covered_lines": 0, "num_statements": 12, "percent_covered": 0.0, "percent_covered_display": "0", "missing_lines": 12, "excluded_lines": 0, "percent_statements_covered": 0.0, "percent_statements_covered_display": "0"}, "missing_lines": [216, 217, 219, 220, 221, 222, 223, 224, 229, 230, 231, 232], "excluded_lines": [], "start_line": 209}, "MemoryStore.clear": {"executed_lines": [], "summary": {"covered_lines": 0, "num_statements": 8, "percent_covered": 0.0, "percent_covered_display": "0", "missing_lines": 8, "excluded_lines": 0, "percent_statements_covered": 0.0, "percent_statements_covered_display": "0"}, "missing_lines": [236, 237, 238, 240, 242, 244, 248, 249], "excluded_lines": [], "start_line": 234}, "get_memory_store": {"executed_lines": [], "summary": {"covered_lines": 0, "num_statements": 3, "percent_covered": 0.0, "percent_covered_display": "0", "missing_lines": 3, "excluded_lines": 0, "percent_statements_covered": 0.0, "percent_statements_covered_display": "0"}, "missing_lines": [266, 267, 268], "excluded_lines": [], "start_line": 256}, "test_memory_store": {"executed_lines": [], "summary": {"covered_lines": 0, "num_statements": 21, "percent_covered": 0.0, "percent_covered_display": "0", "missing_lines": 21, "excluded_lines": 0, "percent_statements_covered": 0.0, "percent_statements_covered_display": "0"}, "missing_lines": [273, 274, 275, 278, 281, 282, 286, 290, 293, 294, 295, 296, 297, 300, 301, 302, 305, 306, 307, 309, 310], "excluded_lines": [], "start_line": 271}, "": {"executed_lines": [9, 10, 11, 12, 13, 15, 18, 21, 29, 54, 86, 130, 186, 209, 234, 253, 256, 271, 313], "summary": {"covered_lines": 19, "num_statements": 20, "percent_covered": 95.0, "percent_covered_display": "95", "missing_lines": 1, "excluded_lines": 0, "percent_statements_covered": 95.0, "percent_statements_covered_display": "95"}, "missing_lines": [314], "excluded_lines": [], "start_line": 1}}, "classes": {"MemoryStore": {"executed_lines": [37, 38, 39, 42, 45, 46, 47, 49, 52, 56, 57, 58, 61, 70, 71, 75, 76, 80], "summary": {"covered_lines": 18, "num_statements": 87, "percent_covered": 20.689655172413794, "percent_covered_display": "21", "missing_lines": 69, "excluded_lines": 0, "percent_statements_covered": 20.689655172413794, "percent_statements_covered_display": "21"}, "missing_lines": [74, 82, 83, 84, 97, 99, 100, 105, 107, 109, 110, 113, 114, 117, 123, 125, 126, 127, 128, 141, 143, 144, 146, 147, 148, 149, 150, 158, 159, 161, 163, 169, 170, 171, 172, 179, 181, 182, 183, 184, 196, 198, 199, 201, 203, 204, 205, 206, 207, 216, 217, 219, 220, 221, 222, 223, 224, 229, 230, 231, 232, 236, 237, 238, 240, 242, 244, 248, 249], "excluded_lines": [], "start_line": 21}, "": {"executed_lines": [9, 10, 11, 12, 13, 15, 18, 21, 29, 54, 86, 130, 186, 209, 234, 253, 256, 271, 313], "summary": {"covered_lines": 19, "num_statements": 44, "percent_covered": 43.18181818181818, "percent_covered_display": "43", "missing_lines": 25, "excluded_lines": 0, "percent_statements_covered": 43.18181818181818, "percent_statements_covered_display": "43"}, "missing_lines": [266, 267, 268, 273, 274, 275, 278, 281, 282, 286, 290, 293, 294, 295, 296, 297, 300, 301, 302, 305, 306, 307, 309, 310, 314], "excluded_lines": [], "start_line": 1}}}, "core\\notifier.py": {"executed_lines": [7, 8, 11, 28, 29, 33, 34, 39, 40, 48, 49, 54, 55, 56, 57, 58, 60, 63, 74, 77, 78, 80, 85, 88, 89, 91, 94, 113], "summary": {"covered_lines": 28, "num_statements": 51, "percent_covered": 54.90196078431372, "percent_covered_display": "55", "missing_lines": 23, "excluded_lines": 0, "percent_statements_covered": 54.90196078431372, "percent_statements_covered_display": "55"}, "missing_lines": [30, 31, 32, 35, 36, 41, 47, 50, 51, 81, 83, 106, 107, 109, 114, 117, 122, 125, 126, 127, 128, 131, 136], "excluded_lines": [], "functions": {"send_windows_notification": {"executed_lines": [28, 29, 33, 34, 39, 40, 48, 49, 54, 55, 56, 57, 58, 60], "summary": {"covered_lines": 14, "num_statements": 23, "percent_covered": 60.869565217391305, "percent_covered_display": "61", "missing_lines": 9, "excluded_lines": 0, "percent_statements_covered": 60.869565217391305, "percent_statements_covered_display": "61"}, "missing_lines": [30, 31, 32, 35, 36, 41, 47, 50, 51], "excluded_lines": [], "start_line": 11}, "check_decision_timeout": {"executed_lines": [74, 77, 78, 80, 85, 88, 89, 91], "summary": {"covered_lines": 8, "num_statements": 10, "percent_covered": 80.0, "percent_covered_display": "80", "missing_lines": 2, "excluded_lines": 0, "percent_statements_covered": 80.0, "percent_statements_covered_display": "80"}, "missing_lines": [81, 83], "excluded_lines": [], "start_line": 63}, "send_timeout_notification": {"executed_lines": [], "summary": {"covered_lines": 0, "num_statements": 3, "percent_covered": 0.0, "percent_covered_display": "0", "missing_lines": 3, "excluded_lines": 0, "percent_statements_covered": 0.0, "percent_statements_covered_display": "0"}, "missing_lines": [106, 107, 109], "excluded_lines": [], "start_line": 94}, "": {"executed_lines": [7, 8, 11, 63, 94, 113], "summary": {"covered_lines": 6, "num_statements": 15, "percent_covered": 40.0, "percent_covered_display": "40", "missing_lines": 9, "excluded_lines": 0, "percent_statements_covered": 40.0, "percent_statements_covered_display": "40"}, "missing_lines": [114, 117, 122, 125, 126, 127, 128, 131, 136], "excluded_lines": [], "start_line": 1}}, "classes": {"": {"executed_lines": [7, 8, 11, 28, 29, 33, 34, 39, 40, 48, 49, 54, 55, 56, 57, 58, 60, 63, 74, 77, 78, 80, 85, 88, 89, 91, 94, 113], "summary": {"covered_lines": 28, "num_statements": 51, "percent_covered": 54.90196078431372, "percent_covered_display": "55", "missing_lines": 23, "excluded_lines": 0, "percent_statements_covered": 54.90196078431372, "percent_statements_covered_display": "55"}, "missing_lines": [30, 31, 32, 35, 36, 41, 47, 50, 51, 81, 83, 106, 107, 109, 114, 117, 122, 125, 126, 127, 128, 131, 136], "excluded_lines": [], "start_line": 1}}}, "core\\secrets.py": {"executed_lines": [12, 13, 14, 15, 16, 17, 18, 19, 21, 22, 23, 24, 28, 30, 31, 34, 41, 44, 45, 50, 51, 56, 57, 62, 66, 67, 70, 80, 86, 91, 101, 102, 105, 108, 111, 112, 115, 125, 126, 127, 130, 133, 134, 137, 138, 139, 140, 143, 177, 194, 200, 211, 216, 221, 266, 278, 287, 290, 330], "summary": {"covered_lines": 59, "num_statements": 164, "percent_covered": 35.97560975609756, "percent_covered_display": "36", "missing_lines": 105, "excluded_lines": 0, "percent_statements_covered": 35.97560975609756, "percent_statements_covered_display": "36"}, "missing_lines": [46, 47, 52, 53, 58, 59, 63, 154, 156, 157, 160, 163, 164, 167, 168, 170, 171, 172, 173, 174, 187, 188, 189, 190, 191, 196, 197, 202, 203, 204, 205, 206, 207, 208, 213, 218, 228, 229, 230, 231, 232, 233, 234, 235, 236, 237, 239, 242, 243, 244, 245, 246, 247, 248, 251, 252, 253, 254, 256, 257, 258, 259, 261, 268, 269, 270, 271, 272, 273, 274, 275, 280, 281, 282, 283, 302, 303, 306, 307, 308, 309, 312, 313, 314, 315, 316, 319, 320, 321, 322, 323, 324, 325, 327, 335, 336, 338, 339, 340, 341, 342, 344, 345, 346, 348], "excluded_lines": [], "functions": {"_get_machine_key": {"executed_lines": [41, 44, 45, 50, 51, 56, 57, 62, 66, 67], "summary": {"covered_lines": 10, "num_statements": 17, "percent_covered": 58.8235294117647, "percent_covered_display": "59", "missing_lines": 7, "excluded_lines": 0, "percent_statements_covered": 58.8235294117647, "percent_statements_covered_display": "59"}, "missing_lines": [46, 47, 52, 53, 58, 59, 63], "excluded_lines": [], "start_line": 34}, "_derive_key": {"executed_lines": [80, 86], "summary": {"covered_lines": 2, "num_statements": 2, "percent_covered": 100.0, "percent_covered_display": "100", "missing_lines": 0, "excluded_lines": 0, "percent_statements_covered": 100.0, "percent_statements_covered_display": "100"}, "missing_lines": [], "excluded_lines": [], "start_line": 70}, "encrypt_api_key": {"executed_lines": [101, 102, 105, 108, 111, 112], "summary": {"covered_lines": 6, "num_statements": 6, "percent_covered": 100.0, "percent_covered_display": "100", "missing_lines": 0, "excluded_lines": 0, "percent_statements_covered": 100.0, "percent_statements_covered_display": "100"}, "missing_lines": [], "excluded_lines": [], "start_line": 91}, "decrypt_api_key": {"executed_lines": [125, 126, 127, 130, 133, 134, 137, 138, 139, 140], "summary": {"covered_lines": 10, "num_statements": 10, "percent_covered": 100.0, "percent_covered_display": "100", "missing_lines": 0, "excluded_lines": 0, "percent_statements_covered": 100.0, "percent_statements_covered_display": "100"}, "missing_lines": [], "excluded_lines": [], "start_line": 115}, "save_secret": {"executed_lines": [], "summary": {"covered_lines": 0, "num_statements": 13, "percent_covered": 0.0, "percent_covered_display": "0", "missing_lines": 13, "excluded_lines": 0, "percent_statements_covered": 0.0, "percent_statements_covered_display": "0"}, "missing_lines": [154, 156, 157, 160, 163, 164, 167, 168, 170, 171, 172, 173, 174], "excluded_lines": [], "start_line": 143}, "get_secret": {"executed_lines": [], "summary": {"covered_lines": 0, "num_statements": 5, "percent_covered": 0.0, "percent_covered_display": "0", "missing_lines": 5, "excluded_lines": 0, "percent_statements_covered": 0.0, "percent_statements_covered_display": "0"}, "missing_lines": [187, 188, 189, 190, 191], "excluded_lines": [], "start_line": 177}, "list_secret_keys": {"executed_lines": [], "summary": {"covered_lines": 0, "num_statements": 2, "percent_covered": 0.0, "percent_covered_display": "0", "missing_lines": 2, "excluded_lines": 0, "percent_statements_covered": 0.0, "percent_statements_covered_display": "0"}, "missing_lines": [196, 197], "excluded_lines": [], "start_line": 194}, "delete_secret": {"executed_lines": [], "summary": {"covered_lines": 0, "num_statements": 7, "percent_covered": 0.0, "percent_covered_display": "0", "missing_lines": 7, "excluded_lines": 0, "percent_statements_covered": 0.0, "percent_statements_covered_display": "0"}, "missing_lines": [202, 203, 204, 205, 206, 207, 208], "excluded_lines": [], "start_line": 200}, "has_secrets": {"executed_lines": [], "summary": {"covered_lines": 0, "num_statements": 1, "percent_covered": 0.0, "percent_covered_display": "0", "missing_lines": 1, "excluded_lines": 0, "percent_statements_covered": 0.0, "percent_statements_covered_display": "0"}, "missing_lines": [213], "excluded_lines": [], "start_line": 211}, "is_first_run": {"executed_lines": [], "summary": {"covered_lines": 0, "num_statements": 1, "percent_covered": 0.0, "percent_covered_display": "0", "missing_lines": 1, "excluded_lines": 0, "percent_statements_covered": 0.0, "percent_statements_covered_display": "0"}, "missing_lines": [218], "excluded_lines": [], "start_line": 216}, "setup_wizard": {"executed_lines": [], "summary": {"covered_lines": 0, "num_statements": 27, "percent_covered": 0.0, "percent_covered_display": "0", "missing_lines": 27, "excluded_lines": 0, "percent_statements_covered": 0.0, "percent_statements_covered_display": "0"}, "missing_lines": [228, 229, 230, 231, 232, 233, 234, 235, 236, 237, 239, 242, 243, 244, 245, 246, 247, 248, 251, 252, 253, 254, 256, 257, 258, 259, 261], "excluded_lines": [], "start_line": 221}, "_load_secrets": {"executed_lines": [], "summary": {"covered_lines"
[...]
ted_lines": [24, 25, 26], "summary": {"covered_lines": 3, "num_statements": 3, "percent_covered": 100.0, "percent_covered_display": "100", "missing_lines": 0, "excluded_lines": 0, "percent_statements_covered": 100.0, "percent_statements_covered_display": "100"}, "missing_lines": [], "excluded_lines": [], "start_line": 12}, "markdown_to_html": {"executed_lines": [45, 46, 49, 50, 51, 53, 54, 57, 58, 61, 64, 65, 68, 69, 70, 73, 74, 81, 82, 83, 87, 88, 89, 92, 93, 95, 96, 97, 98], "summary": {"covered_lines": 29, "num_statements": 40, "percent_covered": 72.5, "percent_covered_display": "72", "missing_lines": 11, "excluded_lines": 0, "percent_statements_covered": 72.5, "percent_statements_covered_display": "72"}, "missing_lines": [59, 60, 66, 67, 71, 72, 75, 76, 77, 78, 85], "excluded_lines": [], "start_line": 40}, "extract_keywords": {"executed_lines": [103, 105, 108, 123, 126, 127, 128, 130, 131, 132, 134, 139, 141, 142, 143, 144, 145, 146, 147, 148, 149, 152, 153, 154, 155, 156, 157, 160, 161, 162, 163, 164, 166, 175, 176, 177, 178, 179, 180, 182, 183, 184], "summary": {"covered_lines": 42, "num_statements": 50, "percent_covered": 84.0, "percent_covered_display": "84", "missing_lines": 8, "excluded_lines": 0, "percent_statements_covered": 84.0, "percent_statements_covered_display": "84"}, "missing_lines": [135, 136, 165, 168, 169, 170, 171, 172], "excluded_lines": [], "start_line": 101}, "format_date": {"executed_lines": [189, 190, 192, 193, 194, 195, 196, 198, 199, 200], "summary": {"covered_lines": 10, "num_statements": 10, "percent_covered": 100.0, "percent_covered_display": "100", "missing_lines": 0, "excluded_lines": 0, "percent_statements_covered": 100.0, "percent_statements_covered_display": "100"}, "missing_lines": [], "excluded_lines": [], "start_line": 187}, "": {"executed_lines": [7, 8, 9, 12, 40, 101, 187, 204, 205, 206, 209], "summary": {"covered_lines": 11, "num_statements": 26, "percent_covered": 42.30769230769231, "percent_covered_display": "42", "missing_lines": 15, "excluded_lines": 0, "percent_statements_covered": 42.30769230769231, "percent_statements_covered_display": "42"}, "missing_lines": [211, 214, 215, 216, 219, 220, 221, 224, 225, 226, 228, 229, 230, 231, 232], "excluded_lines": [], "start_line": 1}}, "classes": {"": {"executed_lines": [7, 8, 9, 12, 24, 25, 26, 40, 45, 46, 49, 50, 51, 53, 54, 57, 58, 61, 64, 65, 68, 69, 70, 73, 74, 81, 82, 83, 87, 88, 89, 92, 93, 95, 96, 97, 98, 101, 103, 105, 108, 123, 126, 127, 128, 130, 131, 132, 134, 139, 141, 142, 143, 144, 145, 146, 147, 148, 149, 152, 153, 154, 155, 156, 157, 160, 161, 162, 163, 164, 166, 175, 176, 177, 178, 179, 180, 182, 183, 184, 187, 189, 190, 192, 193, 194, 195, 196, 198, 199, 200, 204, 205, 206, 209], "summary": {"covered_lines": 95, "num_statements": 129, "percent_covered": 73.64341085271317, "percent_covered_display": "74", "missing_lines": 34, "excluded_lines": 0, "percent_statements_covered": 73.64341085271317, "percent_statements_covered_display": "74"}, "missing_lines": [59, 60, 66, 67, 71, 72, 75, 76, 77, 78, 85, 135, 136, 165, 168, 169, 170, 171, 172, 211, 214, 215, 216, 219, 220, 221, 224, 225, 226, 228, 229, 230, 231, 232], "excluded_lines": [], "start_line": 1}}}, "skills\\orchestration.py": {"executed_lines": [6, 7, 8, 9, 10, 13, 54, 69, 79, 81, 82, 84, 88, 89, 91, 94, 119, 120, 121, 122, 129, 147, 148, 150, 156, 157, 158, 159, 161, 162, 163, 165, 168, 186, 187, 189, 190, 191, 192, 193, 197, 198, 201, 204, 206, 207, 209, 230, 234, 239, 241, 242, 245, 246, 247, 248, 264, 265, 266, 267, 268, 269, 270, 278, 280, 281, 282, 288, 294, 295, 296, 297, 299, 313, 321, 322, 326, 327, 333, 334, 335, 336, 340, 341, 344, 356, 357, 358, 360, 361, 363, 364, 365, 366, 368, 372, 373, 380, 394, 395, 396, 399, 406, 415, 416, 419, 420, 426, 428, 430, 431, 432, 433, 439, 440, 441, 444, 459, 461, 462, 463, 465, 467, 468, 469, 472, 478, 480, 481, 482, 484, 485, 489, 496, 513, 514, 516, 517, 519, 523, 525, 529, 530, 531, 532, 534, 538, 539, 546, 560, 561, 562, 565, 576, 580, 581, 583, 585, 587, 598, 600, 601, 602], "summary": {"covered_lines": 163, "num_statements": 220, "percent_covered": 74.0909090909091, "percent_covered_display": "74", "missing_lines": 57, "excluded_lines": 0, "percent_statements_covered": 74.0909090909091, "percent_statements_covered_display": "74"}, "missing_lines": [23, 24, 25, 27, 28, 29, 32, 40, 43, 44, 45, 46, 51, 64, 65, 66, 85, 86, 104, 105, 106, 108, 109, 111, 112, 113, 114, 116, 151, 152, 153, 154, 202, 211, 212, 213, 214, 216, 224, 225, 226, 227, 231, 249, 259, 260, 261, 301, 307, 308, 309, 328, 329, 330, 604, 605, 606], "excluded_lines": [], "functions": {"spawn": {"executed_lines": [], "summary": {"covered_lines": 0, "num_statements": 13, "percent_covered": 0.0, "percent_covered_display": "0", "missing_lines": 13, "excluded_lines": 0, "percent_statements_covered": 0.0, "percent_statements_covered_display": "0"}, "missing_lines": [23, 24, 25, 27, 28, 29, 32, 40, 43, 44, 45, 46, 51], "excluded_lines": [], "start_line": 13}, "emit": {"executed_lines": [], "summary": {"covered_lines": 0, "num_statements": 3, "percent_covered": 0.0, "percent_covered_display": "0", "missing_lines": 3, "excluded_lines": 0, "percent_statements_covered": 0.0, "percent_statements_covered_display": "0"}, "missing_lines": [64, 65, 66], "excluded_lines": [], "start_line": 54}, "validate_sop": {"executed_lines": [79, 81, 82, 84, 88, 89, 91], "summary": {"covered_lines": 7, "num_statements": 9, "percent_covered": 77.77777777777777, "percent_covered_display": "78", "missing_lines": 2, "excluded_lines": 0, "percent_statements_covered": 77.77777777777777, "percent_statements_covered_display": "78"}, "missing_lines": [85, 86], "excluded_lines": [], "start_line": 69}, "merge_from": {"executed_lines": [], "summary": {"covered_lines": 0, "num_statements": 10, "percent_covered": 0.0, "percent_covered_display": "0", "missing_lines": 10, "excluded_lines": 0, "percent_statements_covered": 0.0, "percent_statements_covered_display": "0"}, "missing_lines": [104, 105, 106, 108, 109, 111, 112, 113, 114, 116], "excluded_lines": [], "start_line": 94}, "internalize_sop": {"executed_lines": [147, 148, 150, 156, 157, 158, 159, 161, 162, 163, 165], "summary": {"covered_lines": 11, "num_statements": 15, "percent_covered": 73.33333333333333, "percent_covered_display": "73", "missing_lines": 4, "excluded_lines": 0, "percent_statements_covered": 73.33333333333333, "percent_statements_covered_display": "73"}, "missing_lines": [151, 152, 153, 154], "excluded_lines": [], "start_line": 129}, "execute_stage": {"executed_lines": [186, 187, 189, 190, 191, 192, 193, 197, 198, 201, 204, 206, 207, 209, 230, 234, 239, 241, 242, 245, 246, 247, 248, 264, 265, 266, 267, 268, 269, 270, 278, 280, 281, 282, 288, 294, 295, 296, 297, 299, 313, 321, 322, 326, 327, 333, 334, 335, 336, 340, 341, 344, 356, 357, 358, 360, 361, 363, 364, 365, 366, 368], "summary": {"covered_lines": 62, "num_statements": 84, "percent_covered": 73.80952380952381, "percent_covered_display": "74", "missing_lines": 22, "excluded_lines": 0, "percent_statements_covered": 73.80952380952381, "percent_statements_covered_display": "74"}, "missing_lines": [202, 211, 212, 213, 214, 216, 224, 225, 226, 227, 231, 249, 259, 260, 261, 301, 307, 308, 309, 328, 329, 330], "excluded_lines": [], "start_line": 168}, "_trigger_elder_audit": {"executed_lines": [394, 395, 396, 399, 406, 415, 416, 419, 420, 426, 428, 430, 431, 432, 433, 439, 440, 441], "summary": {"covered_lines": 18, "num_statements": 18, "percent_covered": 100.0, "percent_covered_display": "100", "missing_lines": 0, "excluded_lines": 0, "percent_statements_covered": 100.0, "percent_statements_covered_display": "100"}, "missing_lines": [], "excluded_lines": [], "start_line": 380}, "finalize_task": {"executed_lines": [459, 461, 462, 463, 465, 467, 468, 469, 472, 478, 480, 481, 482, 484, 485], "summary": {"covered_lines": 15, "num_statements": 15, "percent_covered": 100.0, "percent_covered_display": "100", "missing_lines": 0, "excluded_lines": 0, "percent_statements_covered": 100.0, "percent_statements_covered_display": "100"}, "missing_lines": [], "excluded_lines": [], "start_line": 444}, "register_stage_executor": {"executed_lines": [513, 514, 516, 517, 519, 523, 525, 600, 601, 602], "summary": {"covered_lines": 10, "num_statements": 13, "percent_covered": 76.92307692307692, "percent_covered_display": "77", "missing_lines": 3, "excluded_lines": 0, "percent_statements_covered": 76.92307692307692, "percent_statements_covered_display": "77"}, "missing_lines": [604, 605, 606], "excluded_lines": [], "start_line": 496}, "register_stage_executor.on_stage_started": {"executed_lines": [529, 530, 531, 532, 534, 538, 539, 546, 560, 561, 562, 565, 576, 580, 581, 583, 585, 587, 598], "summary": {"covered_lines": 19, "num_statements": 19, "percent_covered": 100.0, "percent_covered_display": "100", "missing_lines": 0, "excluded_lines": 0, "percent_statements_covered": 100.0, "percent_statements_covered_display": "100"}, "missing_lines": [], "excluded_lines": [], "start_line": 525}, "": {"executed_lines": [6, 7, 8, 9, 10, 13, 54, 69, 94, 119, 120, 121, 122, 129, 168, 372, 373, 380, 444, 489, 496], "summary": {"covered_lines": 21, "num_statements": 21, "percent_covered": 100.0, "percent_covered_display": "100", "missing_lines": 0, "excluded_lines": 0, "percent_statements_covered": 100.0, "percent_statements_covered_display": "100"}, "missing_lines": [], "excluded_lines": [], "start_line": 1}}, "classes": {"": {"executed_lines": [6, 7, 8, 9, 10, 13, 54, 69, 79, 81, 82, 84, 88, 89, 91, 94, 119, 120, 121, 122, 129, 147, 148, 150, 156, 157, 158, 159, 161, 162, 163, 165, 168, 186, 187, 189, 190, 191, 192, 193, 197, 198, 201, 204, 206, 207, 209, 230, 234, 239, 241, 242, 245, 246, 247, 248, 264, 265, 266, 267, 268, 269, 270, 278, 280, 281, 282, 288, 294, 295, 296, 297, 299, 313, 321, 322, 326, 327, 333, 334, 335, 336, 340, 341, 344, 356, 357, 358, 360, 361, 363, 364, 365, 366, 368, 372, 373, 380, 394, 395, 396, 399, 406, 415, 416, 419, 420, 426, 428, 430, 431, 432, 433, 439, 440, 441, 444, 459, 461, 462, 463, 465, 467, 468, 469, 472, 478, 480, 481, 482, 484, 485, 489, 496, 513, 514, 516, 517, 519, 523, 525, 529, 530, 531, 532, 534, 538, 539, 546, 560, 561, 562, 565, 576, 580, 581, 583, 585, 587, 598, 600, 601, 602], "summary": {"covered_lines": 163, "num_statements": 220, "percent_covered": 74.0909090909091, "percent_covered_display": "74", "missing_lines": 57, "excluded_lines": 0, "percent_statements_covered": 74.0909090909091, "percent_statements_covered_display": "74"}, "missing_lines": [23, 24, 25, 27, 28, 29, 32, 40, 43, 44, 45, 46, 51, 64, 65, 66, 85, 86, 104, 105, 106, 108, 109, 111, 112, 113, 114, 116, 151, 152, 153, 154, 202, 211, 212, 213, 214, 216, 224, 225, 226, 227, 231, 249, 259, 260, 261, 301, 307, 308, 309, 328, 329, 330, 604, 605, 606], "excluded_lines": [], "start_line": 1}}}, "skills\\search.py": {"executed_lines": [8, 9, 10, 13, 122, 185, 186], "summary": {"covered_lines": 7, "num_statements": 59, "percent_covered": 11.864406779661017, "percent_covered_display": "12", "missing_lines": 52, "excluded_lines": 0, "percent_statements_covered": 11.864406779661017, "percent_statements_covered_display": "12"}, "missing_lines": [28, 29, 30, 31, 34, 35, 36, 37, 45, 46, 47, 48, 49, 50, 51, 59, 60, 96, 102, 104, 105, 106, 107, 108, 109, 110, 111, 112, 113, 114, 115, 117, 118, 119, 133, 135, 159, 165, 166, 168, 169, 170, 171, 172, 173, 174, 175, 176, 177, 179, 180, 181], "excluded_lines": [], "functions": {"search_sop": {"executed_lines": [], "summary": {"covered_lines": 0, "num_statements": 34, "percent_covered": 0.0, "percent_covered_display": "0", "missing_lines": 34, "excluded_lines": 0, "percent_statements_covered": 0.0, "percent_statements_covered_display": "0"}, "missing_lines": [28, 29, 30, 31, 34, 35, 36, 37, 45, 46, 47, 48, 49, 50, 51, 59, 60, 96, 102, 104, 105, 106, 107, 108, 109, 110, 111, 112, 113, 114, 115, 117, 118, 119], "excluded_lines": [], "start_line": 13}, "search_skill": {"executed_lines": [], "summary": {"covered_lines": 0, "num_statements": 18, "percent_covered": 0.0, "percent_covered_display": "0", "missing_lines": 18, "excluded_lines": 0, "percent_statements_covered": 0.0, "percent_statements_covered_display": "0"}, "missing_lines": [133, 135, 159, 165, 166, 168, 169, 170, 171, 172, 173, 174, 175, 176, 177, 179, 180, 181], "excluded_lines": [], "start_line": 122}, "": {"executed_lines": [8, 9, 10, 13, 122, 185, 186], "summary": {"covered_lines": 7, "num_statements": 7, "percent_covered": 100.0, "percent_covered_display": "100", "missing_lines": 0, "excluded_lines": 0, "percent_statements_covered": 100.0, "percent_statements_covered_display": "100"}, "missing_lines": [], "excluded_lines": [], "start_line": 1}}, "classes": {"": {"executed_lines": [8, 9, 10, 13, 122, 185, 186], "summary": {"covered_lines": 7, "num_statements": 59, "percent_covered": 11.864406779661017, "percent_covered_display": "12", "missing_lines": 52, "excluded_lines": 0, "percent_statements_covered": 11.864406779661017, "percent_statements_covered_display": "12"}, "missing_lines": [28, 29, 30, 31, 34, 35, 36, 37, 45, 46, 47, 48, 49, 50, 51, 59, 60, 96, 102, 104, 105, 106, 107, 108, 109, 110, 111, 112, 113, 114, 115, 117, 118, 119, 133, 135, 159, 165, 166, 168, 169, 170, 171, 172, 173, 174, 175, 176, 177, 179, 180, 181], "excluded_lines": [], "start_line": 1}}}, "skills\\search_gitee.py": {"executed_lines": [], "summary": {"covered_lines": 0, "num_statements": 28, "percent_covered": 0.0, "percent_covered_display": "0", "missing_lines": 28, "excluded_lines": 0, "percent_statements_covered": 0.0, "percent_statements_covered_display": "0"}, "missing_lines": [7, 8, 9, 12, 24, 25, 27, 28, 29, 30, 32, 33, 35, 36, 42, 43, 44, 45, 46, 52, 53, 55, 56, 57, 58, 59, 61, 64], "excluded_lines": [], "functions": {"search_gitee": {"executed_lines": [], "summary": {"covered_lines": 0, "num_statements": 23, "percent_covered": 0.0, "percent_covered_display": "0", "missing_lines": 23, "excluded_lines": 0, "percent_statements_covered": 0.0, "percent_statements_covered_display": "0"}, "missing_lines": [24, 25, 27, 28, 29, 30, 32, 33, 35, 36, 42, 43, 44, 45, 46, 52, 53, 55, 56, 57, 58, 59, 61], "excluded_lines": [], "start_line": 12}, "": {"executed_lines": [], "summary": {"covered_lines": 0, "num_statements": 5, "percent_covered": 0.0, "percent_covered_display": "0", "missing_lines": 5, "excluded_lines": 0, "percent_statements_covered": 0.0, "percent_statements_covered_display": "0"}, "missing_lines": [7, 8, 9, 12, 64], "excluded_lines": [], "start_line": 1}}, "classes": {"": {"executed_lines": [], "summary": {"covered_lines": 0, "num_statements": 28, "percent_covered": 0.0, "percent_covered_display": "0", "missing_lines": 28, "excluded_lines": 0, "percent_statements_covered": 0.0, "percent_statements_covered_display": "0"}, "missing_lines": [7, 8, 9, 12, 24, 25, 27, 28, 29, 30, 32, 33, 35, 36, 42, 43, 44, 45, 46, 52, 53, 55, 56, 57, 58, 59, 61, 64], "excluded_lines": [], "start_line": 1}}}, "skills\\succession.py": {"executed_lines": [7, 10, 22, 23, 25, 29, 31, 32, 33, 34, 35, 36, 38, 47, 48, 49, 51, 52, 54, 55, 56, 57, 58, 60, 61, 62, 65, 67, 74, 75, 78, 122, 123], "summary": {"covered_lines": 33, "num_statements": 54, "percent_covered": 61.111111111111114, "percent_covered_display": "61", "missing_lines": 21, "excluded_lines": 0, "percent_statements_covered": 61.111111111111114, "percent_statements_covered_display": "61"}, "missing_lines": [26, 27, 39, 44, 63, 91, 92, 93, 95, 96, 97, 99, 100, 101, 102, 104, 105, 111, 113, 118, 119], "excluded_lines": [], "functions": {"propose_succession": {"executed_lines": [22, 23, 25, 29, 31, 32, 33, 34, 35, 36, 38, 47, 48, 49, 51, 52, 54, 55, 56, 57, 58, 60, 61, 62, 65, 67, 74, 75], "summary": {"covered_lines": 28, "num_statements": 33, "percent_covered": 84.84848484848484, "percent_covered_display": "85", "missing_lines": 5, "excluded_lines": 0, "percent_statements_covered": 84.84848484848484, "percent_statements_covered_display": "85"}, "missing_lines": [26, 27, 39, 44, 63], "excluded_lines": [], "start_line": 10}, "execute_succession": {"executed_lines": [], "summary": {"covered_lines": 0, "num_statements": 16, "percent_covered": 0.0, "percent_covered_display": "0", "missing_lines": 16, "excluded_lines": 0, "percent_statements_covered": 0.0, "percent_statements_covered_display": "0"}, "missing_lines": [91, 92, 93, 95, 96, 97, 99, 100, 101, 102, 104, 105, 111, 113, 118, 119], "excluded_lines": [], "start_line": 78}, "": {"executed_lines": [7, 10, 78, 122, 123], "summary": {"covered_lines": 5, "num_statements": 5, "percent_covered": 100.0, "percent_covered_display": "100", "missing_lines": 0, "excluded_lines": 0, "percent_statements_covered": 100.0, "percent_statements_covered_display": "100"}, "missing_lines": [], "excluded_lines": [], "start_line": 1}}, "classes": {"": {"executed_lines": [7, 10, 22, 23, 25, 29, 31, 32, 33, 34, 35, 36, 38, 47, 48, 49, 51, 52, 54, 55, 56, 57, 58, 60, 61, 62, 65, 67, 74, 75, 78, 122, 123], "summary": {"covered_lines": 33, "num_statements": 54, "percent_covered": 61.111111111111114, "percent_covered_display": "61", "missing_lines": 21, "excluded_lines": 0, "percent_statements_covered": 61.111111111111114, "percent_statements_covered_display": "61"}, "missing_lines": [26, 27, 39, 44, 63, 91, 92, 93, 95, 96, 97, 99, 100, 101, 102, 104, 105, 111, 113, 118, 119], "excluded_lines": [], "start_line": 1}}}, "skills\\tools.py": {"executed_lines": [7, 8, 11, 23, 24, 26, 30, 31, 32, 33, 34, 35, 40, 43, 58, 60, 61, 62, 64, 89, 91, 99, 100, 102, 103, 104, 105, 111, 112], "summary": {"covered_lines": 29, "num_statements": 36, "percent_covered": 80.55555555555556, "percent_covered_display": "81", "missing_lines": 7, "excluded_lines": 0, "percent_statements_covered": 80.55555555555556, "percent_statements_covered_display": "81"}, "missing_lines": [27, 28, 36, 37, 38, 107, 108], "excluded_lines": [], "functions": {"write_file": {"executed_lines": [23, 24, 26, 30, 31, 32, 33, 34, 35, 40], "summary": {"covered_lines": 10, "num_statements": 15, "percent_covered": 66.66666666666667, "percent_covered_display": "67", "missing_lines": 5, "excluded_lines": 0, "percent_statements_covered": 66.66666666666667, "percent_statements_covered_display": "67"}, "missing_lines": [27, 28, 36, 37, 38], "excluded_lines": [], "start_line": 11}, "call_llm_for_output": {"executed_lines": [58, 60, 61, 62, 64, 89, 91, 99, 100, 102, 103, 104, 105], "summary": {"covered_lines": 13, "num_statements": 15, "percent_covered": 86.66666666666667, "percent_covered_display": "87", "missing_lines": 2, "excluded_lines": 0, "percent_statements_covered": 86.66666666666667, "percent_statements_covered_display": "87"}, "missing_lines": [107, 108], "excluded_lines": [], "start_line": 43}, "": {"executed_lines": [7, 8, 11, 43, 111, 112], "summary": {"covered_lines": 6, "num_statements": 6, "percent_covered": 100.0, "percent_covered_display": "100", "missing_lines": 0, "excluded_lines": 0, "percent_statements_covered": 100.0, "percent_statements_covered_display": "100"}, "missing_lines": [], "excluded_lines": [], "start_line": 1}}, "classes": {"": {"executed_lines": [7, 8, 11, 23, 24, 26, 30, 31, 32, 33, 34, 35, 40, 43, 58, 60, 61, 62, 64, 89, 91, 99, 100, 102, 103, 104, 105, 111, 112], "summary": {"covered_lines": 29, "num_statements": 36, "percent_covered": 80.55555555555556, "percent_covered_display": "81", "missing_lines": 7, "excluded_lines": 0, "percent_statements_covered": 80.55555555555556, "percent_statements_covered_display": "81"}, "missing_lines": [27, 28, 36, 37, 38, 107, 108], "excluded_lines": [], "start_line": 1}}}}, "totals": {"covered_lines": 1961, "num_statements": 3051, "percent_covered": 64.27400852179613, "percent_covered_display": "64", "missing_lines": 1090, "excluded_lines": 0, "percent_statements_covered": 64.27400852179613, "percent_statements_covered_display": "64"}}